[2020-01-19T09:37:36.126] [DEBUG] cheese - login => username:zs,password:123456
[2020-01-19T09:37:36.129] [DEBUG] cheese - zs
[2020-01-19T09:37:36.144] [DEBUG] cheese - null
[2020-01-19T09:37:36.144] [DEBUG] cheese - null
[2020-01-19T09:37:45.423] [DEBUG] cheese - login => username:admin,password:123456
[2020-01-19T09:37:45.423] [DEBUG] cheese - admin
[2020-01-19T09:37:45.432] [DEBUG] cheese - null
[2020-01-19T09:37:45.432] [DEBUG] cheese - null
[2020-01-19T14:58:49.600] [DEBUG] cheese - login => username:admin,password:123456
[2020-01-19T14:58:49.602] [DEBUG] cheese - admin
[2020-01-19T14:58:49.617] [DEBUG] cheese - null
[2020-01-19T14:58:49.618] [DEBUG] cheese - null
[2020-01-19T14:59:44.235] [DEBUG] cheese - login => username:admin,password:123456
[2020-01-19T14:59:44.235] [DEBUG] cheese - admin
[2020-01-19T14:59:44.238] [DEBUG] cheese - null
[2020-01-19T14:59:44.239] [DEBUG] cheese - null
[2020-01-19T15:17:42.569] [DEBUG] cheese - login => username:admin,password:123456
[2020-01-19T15:17:42.570] [DEBUG] cheese - admin
[2020-01-19T15:17:42.574] [DEBUG] cheese - null
[2020-01-19T15:17:42.574] [DEBUG] cheese - null
[2020-01-19T15:18:22.727] [DEBUG] cheese - login => username:admin,password:123456
[2020-01-19T15:18:22.727] [DEBUG] cheese - admin
[2020-01-19T15:18:22.729] [DEBUG] cheese - null
[2020-01-19T15:18:22.729] [DEBUG] cheese - null
[2020-01-19T15:18:26.210] [DEBUG] cheese - login => username:admin,password:123456
[2020-01-19T15:18:26.210] [DEBUG] cheese - admin
[2020-01-19T15:18:26.213] [DEBUG] cheese - null
[2020-01-19T15:18:26.213] [DEBUG] cheese - null
[2020-01-19T15:18:28.096] [DEBUG] cheese - login => username:admina,password:123456
[2020-01-19T15:18:28.096] [DEBUG] cheese - admina
[2020-01-19T15:18:28.098] [DEBUG] cheese - null
[2020-01-19T15:18:28.098] [DEBUG] cheese - null
[2020-01-19T15:25:07.169] [DEBUG] cheese - login => username:admin,password:123456
[2020-01-19T15:25:07.170] [DEBUG] cheese - admin
[2020-01-19T15:25:07.172] [DEBUG] cheese - null
[2020-01-19T15:25:07.173] [DEBUG] cheese - null
[2020-01-19T15:26:31.579] [DEBUG] cheese - login => username:admin,password:123456d
[2020-01-19T15:26:31.579] [DEBUG] cheese - admin
[2020-01-19T15:26:31.581] [DEBUG] cheese - null
[2020-01-19T15:26:31.581] [DEBUG] cheese - null
[2020-01-19T15:26:34.835] [DEBUG] cheese - login => username:admin,password:123456d
[2020-01-19T15:26:34.835] [DEBUG] cheese - admin
[2020-01-19T15:26:34.836] [DEBUG] cheese - null
[2020-01-19T15:26:34.837] [DEBUG] cheese - null
[2020-01-19T15:26:35.293] [DEBUG] cheese - login => username:admin,password:123456d
[2020-01-19T15:26:35.293] [DEBUG] cheese - admin
[2020-01-19T15:26:35.296] [DEBUG] cheese - null
[2020-01-19T15:26:35.296] [DEBUG] cheese - null
[2020-01-19T15:26:40.302] [DEBUG] cheese - login => username:admin,password:123456
[2020-01-19T15:26:40.302] [DEBUG] cheese - admin
[2020-01-19T15:26:40.304] [DEBUG] cheese - null
[2020-01-19T15:26:40.304] [DEBUG] cheese - null
[2020-01-19T15:28:41.289] [DEBUG] cheese - login => username:admin,password:123456
[2020-01-19T15:28:41.289] [DEBUG] cheese - admin
[2020-01-19T15:28:41.291] [DEBUG] cheese - null
[2020-01-19T15:28:41.291] [DEBUG] cheese - null
[2020-01-19T15:29:36.110] [DEBUG] cheese - login => username:admin,password:123456
[2020-01-19T15:29:36.110] [DEBUG] cheese - admin
[2020-01-19T15:29:36.113] [DEBUG] cheese - null
[2020-01-19T15:29:36.113] [DEBUG] cheese - null
[2020-01-19T15:30:03.885] [DEBUG] cheese - login => username:admin,password:123456
[2020-01-19T15:30:03.885] [DEBUG] cheese - admin
[2020-01-19T15:30:03.888] [DEBUG] cheese - null
[2020-01-19T15:30:03.888] [DEBUG] cheese - null
[2020-01-19T15:42:40.236] [DEBUG] cheese - login => username:admin,password:123456
[2020-01-19T15:42:40.236] [DEBUG] cheese - admin
[2020-01-19T15:42:40.239] [DEBUG] cheese - null
[2020-01-19T15:42:40.239] [DEBUG] cheese - null
[2020-01-19T16:03:47.994] [DEBUG] cheese - login => username:admin,password:123456
[2020-01-19T16:03:47.994] [DEBUG] cheese - admin
[2020-01-19T16:03:47.997] [DEBUG] cheese - null
[2020-01-19T16:03:47.997] [DEBUG] cheese - null
[2020-01-19T16:10:45.012] [DEBUG] cheese - login => username:admin,password:123456
[2020-01-19T16:10:45.012] [DEBUG] cheese - admin
[2020-01-19T16:10:45.016] [DEBUG] cheese - null
[2020-01-19T16:10:45.016] [DEBUG] cheese - null
[2020-01-19T16:11:53.433] [DEBUG] cheese - login => username:admin,password:123456
[2020-01-19T16:11:53.433] [DEBUG] cheese - admin
[2020-01-19T16:11:53.436] [DEBUG] cheese - null
[2020-01-19T16:11:53.436] [DEBUG] cheese - null
[2020-01-19T16:18:49.514] [DEBUG] cheese - login => username:admin,password:123456
[2020-01-19T16:18:49.514] [DEBUG] cheese - admin
[2020-01-19T16:18:49.516] [DEBUG] cheese - null
[2020-01-19T16:18:49.517] [DEBUG] cheese - null
[2020-01-19T16:28:16.679] [DEBUG] cheese - login => username:admin,password:123456
[2020-01-19T16:28:16.679] [DEBUG] cheese - admin
[2020-01-19T16:28:16.681] [DEBUG] cheese - null
[2020-01-19T16:28:16.681] [DEBUG] cheese - null
[2020-01-19T16:56:02.532] [DEBUG] cheese - login => username:admin,password:123456
[2020-01-19T16:56:02.533] [DEBUG] cheese - admin
[2020-01-19T16:56:02.536] [DEBUG] cheese - null
[2020-01-19T16:56:02.536] [DEBUG] cheese - null
[2020-01-19T17:21:38.815] [DEBUG] cheese - login => username:admin,password:123456
[2020-01-19T17:21:38.815] [DEBUG] cheese - admin
[2020-01-19T17:21:38.817] [DEBUG] cheese - null
[2020-01-19T17:21:38.817] [DEBUG] cheese - null
[2020-01-19T17:23:50.368] [DEBUG] cheese - login => username:admin,password:123456
[2020-01-19T17:23:50.369] [DEBUG] cheese - admin
[2020-01-19T17:23:50.371] [DEBUG] cheese - null
[2020-01-19T17:23:50.371] [DEBUG] cheese - null
[2020-01-19T17:24:24.053] [DEBUG] cheese - login => username:admin,password:123456
[2020-01-19T17:24:24.053] [DEBUG] cheese - admin
[2020-01-19T17:24:24.055] [DEBUG] cheese - null
[2020-01-19T17:24:24.055] [DEBUG] cheese - null
[2020-01-19T17:28:18.312] [DEBUG] cheese - login => username:admin,password:123456
[2020-01-19T17:28:18.312] [DEBUG] cheese - admin
[2020-01-19T17:28:18.315] [DEBUG] cheese - null
[2020-01-19T17:28:18.315] [DEBUG] cheese - null
[2020-01-19T17:44:37.466] [DEBUG] cheese - login => username:admin,password:123456
[2020-01-19T17:44:37.466] [DEBUG] cheese - admin
[2020-01-19T17:44:37.469] [DEBUG] cheese - null
[2020-01-19T17:44:37.469] [DEBUG] cheese - null
[2020-01-19T17:46:20.424] [DEBUG] cheese - login => username:admin,password:123456
[2020-01-19T17:46:20.424] [DEBUG] cheese - admin
[2020-01-19T17:46:20.428] [DEBUG] cheese - null
[2020-01-19T17:46:20.428] [DEBUG] cheese - null
[2020-01-19T21:53:47.644] [DEBUG] cheese - login => username:admin,password:123456
[2020-01-19T21:53:47.644] [DEBUG] cheese - admin
[2020-01-19T21:53:47.647] [DEBUG] cheese - null
[2020-01-19T21:53:47.647] [DEBUG] cheese - null
[2020-01-19T22:21:52.998] [DEBUG] cheese - login => username:admin,password:123456
[2020-01-19T22:21:52.998] [DEBUG] cheese - admin
[2020-01-19T22:21:53.001] [DEBUG] cheese - null
[2020-01-19T22:21:53.001] [DEBUG] cheese - null
[2020-01-19T23:08:34.335] [DEBUG] cheese - login => username:admin,password:123456
[2020-01-19T23:08:34.335] [DEBUG] cheese - admin
[2020-01-19T23:08:34.337] [DEBUG] cheese - null
[2020-01-19T23:08:34.337] [DEBUG] cheese - null
[2020-01-20T16:15:37.043] [DEBUG] cheese - login => username:admin,password:123456
[2020-01-20T16:15:37.045] [DEBUG] cheese - admin
[2020-01-20T16:15:37.055] [DEBUG] cheese - null
[2020-01-20T16:15:37.056] [DEBUG] cheese - null
[2020-01-20T16:40:51.810] [DEBUG] cheese - login => username:admin,password:123456
[2020-01-20T16:40:51.810] [DEBUG] cheese - admin
[2020-01-20T16:40:51.814] [DEBUG] cheese - null
[2020-01-20T16:40:51.814] [DEBUG] cheese - null
[2020-01-20T23:36:37.377] [DEBUG] cheese - login => username:admin,password:123456
[2020-01-20T23:36:37.378] [DEBUG] cheese - admin
[2020-01-20T23:36:37.380] [DEBUG] cheese - null
[2020-01-20T23:36:37.380] [DEBUG] cheese - null
[2020-01-21T15:57:20.945] [DEBUG] cheese - null
[2020-01-21T23:03:47.319] [DEBUG] cheese - login => username:admin,password:123456
[2020-01-21T23:03:47.320] [DEBUG] cheese - admin
[2020-01-21T23:03:47.323] [DEBUG] cheese - null
[2020-01-21T23:03:47.323] [DEBUG] cheese - null
[2020-01-23T20:44:20.582] [DEBUG] cheese - login => username:admin,password:123456
[2020-01-23T20:44:20.585] [DEBUG] cheese - admin
[2020-01-23T20:44:20.604] [DEBUG] cheese - null
[2020-01-23T20:44:20.605] [DEBUG] cheese - null
[2020-01-25T12:07:27.757] [DEBUG] cheese - login => username:admin,password:123456
[2020-01-25T12:07:27.758] [DEBUG] cheese - admin
[2020-01-25T12:07:27.868] [DEBUG] cheese - null
[2020-01-25T12:07:27.868] [DEBUG] cheese - null
[2020-01-25T17:55:09.328] [DEBUG] cheese - login => username:admin,password:123456
[2020-01-25T17:55:09.328] [DEBUG] cheese - admin
[2020-01-25T17:55:09.330] [DEBUG] cheese - null
[2020-01-25T17:55:09.330] [DEBUG] cheese - null
[2020-01-25T17:56:06.587] [DEBUG] cheese - login => username:admi,password:123456
[2020-01-25T17:56:06.588] [DEBUG] cheese - admi
[2020-01-25T17:56:06.589] [DEBUG] cheese - null
[2020-01-25T17:56:06.589] [DEBUG] cheese - null
[2020-01-25T17:56:10.552] [DEBUG] cheese - login => username:admin,password:123456
[2020-01-25T17:56:10.552] [DEBUG] cheese - admin
[2020-01-25T17:56:10.555] [DEBUG] cheese - null
[2020-01-25T17:56:10.555] [DEBUG] cheese - null
[2020-01-25T17:56:25.692] [DEBUG] cheese - login => username:linken,password:123456
[2020-01-25T17:56:25.692] [DEBUG] cheese - linken
[2020-01-25T17:56:25.695] [DEBUG] cheese - null
[2020-01-25T17:56:25.695] [DEBUG] cheese - null
[2020-01-25T17:56:33.086] [DEBUG] cheese - login => username:admin,password:123456
[2020-01-25T17:56:33.086] [DEBUG] cheese - admin
[2020-01-25T17:56:33.089] [DEBUG] cheese - null
[2020-01-25T17:56:33.089] [DEBUG] cheese - null
[2020-01-25T18:01:11.807] [DEBUG] cheese - login => username:auth,password:123456
[2020-01-25T18:01:11.807] [DEBUG] cheese - auth
[2020-01-25T18:01:11.809] [DEBUG] cheese - null
[2020-01-25T18:01:11.809] [DEBUG] cheese - null
[2020-01-25T18:01:21.331] [DEBUG] cheese - login => username:auth,password:123456
[2020-01-25T18:01:21.331] [DEBUG] cheese - auth
[2020-01-25T18:01:21.333] [DEBUG] cheese - null
[2020-01-25T18:01:21.333] [DEBUG] cheese - null
[2020-01-25T18:01:22.594] [DEBUG] cheese - login => username:admin,password:123456
[2020-01-25T18:01:22.594] [DEBUG] cheese - admin
[2020-01-25T18:01:22.596] [DEBUG] cheese - null
[2020-01-25T18:01:22.596] [DEBUG] cheese - null
[2020-01-25T18:01:46.719] [DEBUG] cheese - login => username:auth,password:123456
[2020-01-25T18:01:46.719] [DEBUG] cheese - auth
[2020-01-25T18:01:46.720] [DEBUG] cheese - null
[2020-01-25T18:01:46.720] [DEBUG] cheese - null
[2020-01-25T18:01:49.042] [DEBUG] cheese - null
[2020-01-25T18:01:49.045] [DEBUG] cheese - null
[2020-01-25T18:01:52.237] [DEBUG] cheese - null
[2020-01-25T18:01:52.238] [DEBUG] cheese - null
[2020-01-25T18:01:53.421] [DEBUG] cheese - null
[2020-01-25T18:01:53.424] [DEBUG] cheese - null
[2020-01-25T18:01:59.201] [DEBUG] cheese - login => username:admin,password:123456
[2020-01-25T18:01:59.201] [DEBUG] cheese - admin
[2020-01-25T18:01:59.202] [DEBUG] cheese - null
[2020-01-25T18:01:59.202] [DEBUG] cheese - null
[2020-01-26T13:07:24.764] [DEBUG] cheese - login => username:admin,password:123456
[2020-01-26T13:07:24.764] [DEBUG] cheese - admin
[2020-01-26T13:07:24.767] [DEBUG] cheese - null
[2020-01-26T13:07:24.767] [DEBUG] cheese - null
[2020-01-26T16:04:29.486] [DEBUG] cheese - login => username:admin,password:123456
[2020-01-26T16:04:29.486] [DEBUG] cheese - admin
[2020-01-26T16:04:29.592] [DEBUG] cheese - null
[2020-01-26T16:04:29.592] [DEBUG] cheese - null
[2020-01-26T17:42:27.771] [DEBUG] cheese - login => username:orders,password:123456
[2020-01-26T17:42:27.772] [DEBUG] cheese - orders
[2020-01-26T17:42:27.776] [DEBUG] cheese - null
[2020-01-26T17:42:27.776] [DEBUG] cheese - null
[2020-01-26T17:42:37.026] [DEBUG] cheese - login => username:admin,password:123456
[2020-01-26T17:42:37.026] [DEBUG] cheese - admin
[2020-01-26T17:42:37.031] [DEBUG] cheese - null
[2020-01-26T17:42:37.031] [DEBUG] cheese - null
[2020-01-26T17:42:51.967] [DEBUG] cheese - login => username:good,password:123456
[2020-01-26T17:42:51.967] [DEBUG] cheese - good
[2020-01-26T17:42:51.968] [DEBUG] cheese - null
[2020-01-26T17:42:51.969] [DEBUG] cheese - null
[2020-01-26T17:42:57.198] [DEBUG] cheese - login => username:good,password:123456
[2020-01-26T17:42:57.198] [DEBUG] cheese - good
[2020-01-26T17:42:57.202] [DEBUG] cheese - null
[2020-01-26T17:42:57.202] [DEBUG] cheese - null
[2020-01-26T17:43:03.117] [DEBUG] cheese - login => username:admin,password:123456
[2020-01-26T17:43:03.117] [DEBUG] cheese - admin
[2020-01-26T17:43:03.121] [DEBUG] cheese - null
[2020-01-26T17:43:03.121] [DEBUG] cheese - null
[2020-01-26T17:59:57.263] [DEBUG] cheese - login => username:linken,password:123456
[2020-01-26T17:59:57.263] [DEBUG] cheese - linken
[2020-01-26T17:59:57.266] [DEBUG] cheese - null
[2020-01-26T17:59:57.266] [DEBUG] cheese - null
[2020-01-26T17:59:59.567] [DEBUG] cheese - null
[2020-01-26T17:59:59.571] [DEBUG] cheese - null
[2020-01-26T18:00:00.669] [DEBUG] cheese - null
[2020-01-26T18:00:00.673] [DEBUG] cheese - null
[2020-01-26T18:00:01.722] [DEBUG] cheese - null
[2020-01-26T18:00:01.725] [DEBUG] cheese - null
[2020-01-26T18:00:12.566] [DEBUG] cheese - null
[2020-01-26T18:00:12.571] [DEBUG] cheese - null
[2020-01-26T18:00:13.701] [DEBUG] cheese - null
[2020-01-26T18:00:13.705] [DEBUG] cheese - null
[2020-01-26T18:00:20.653] [DEBUG] cheese - login => username:admin,password:123456
[2020-01-26T18:00:20.653] [DEBUG] cheese - admin
[2020-01-26T18:00:20.657] [DEBUG] cheese - null
[2020-01-26T18:00:20.657] [DEBUG] cheese - null
[2020-01-26T18:01:02.169] [DEBUG] cheese - login => username:admin,password:123456
[2020-01-26T18:01:02.169] [DEBUG] cheese - admin
[2020-01-26T18:01:02.174] [DEBUG] cheese - null
[2020-01-26T18:01:02.174] [DEBUG] cheese - null
[2020-01-26T18:01:11.646] [DEBUG] cheese - login => username:orders,password:123456
[2020-01-26T18:01:11.646] [DEBUG] cheese - orders
[2020-01-26T18:01:11.650] [DEBUG] cheese - null
[2020-01-26T18:01:11.650] [DEBUG] cheese - null
[2020-01-26T18:01:12.416] [DEBUG] cheese - login => username:orders,password:123456
[2020-01-26T18:01:12.416] [DEBUG] cheese - orders
[2020-01-26T18:01:12.421] [DEBUG] cheese - null
[2020-01-26T18:01:12.421] [DEBUG] cheese - null
[2020-01-26T18:01:12.616] [DEBUG] cheese - login => username:orders,password:123456
[2020-01-26T18:01:12.617] [DEBUG] cheese - orders
[2020-01-26T18:01:12.620] [DEBUG] cheese - null
[2020-01-26T18:01:12.621] [DEBUG] cheese - null
[2020-01-26T18:01:15.327] [DEBUG] cheese - login => username:admin,password:123456
[2020-01-26T18:01:15.327] [DEBUG] cheese - admin
[2020-01-26T18:01:15.331] [DEBUG] cheese - null
[2020-01-26T18:01:15.331] [DEBUG] cheese - null
[2020-01-26T22:01:29.107] [DEBUG] cheese - login => username:admin,password:123456
[2020-01-26T22:01:29.107] [DEBUG] cheese - admin
[2020-01-26T22:01:29.113] [DEBUG] cheese - null
[2020-01-26T22:01:29.113] [DEBUG] cheese - null
[2020-01-28T09:54:49.669] [DEBUG] cheese - login => username:admin,password:123456
[2020-01-28T09:54:49.671] [DEBUG] cheese - admin
[2020-01-28T09:54:49.689] [DEBUG] cheese - null
[2020-01-28T09:54:49.690] [DEBUG] cheese - null
[2020-01-28T09:59:40.428] [DEBUG] cheese - login => username:admin,password:123456
[2020-01-28T09:59:40.428] [DEBUG] cheese - admin
[2020-01-28T09:59:40.431] [DEBUG] cheese - null
[2020-01-28T09:59:40.431] [DEBUG] cheese - null
[2020-01-28T12:56:54.555] [DEBUG] cheese - login => username:admin,password:123456
[2020-01-28T12:56:54.555] [DEBUG] cheese - admin
[2020-01-28T12:56:54.558] [DEBUG] cheese - null
[2020-01-28T12:56:54.558] [DEBUG] cheese - null
[2020-01-29T14:09:05.931] [DEBUG] cheese - login => username:admin,password:123456
[2020-01-29T14:09:05.931] [DEBUG] cheese - admin
[2020-01-29T14:09:05.987] [DEBUG] cheese - null
[2020-01-29T14:09:05.987] [DEBUG] cheese - null
[2020-01-30T13:06:03.979] [DEBUG] cheese - login => username:admin,password:123456
[2020-01-30T13:06:03.981] [DEBUG] cheese - admin
[2020-01-30T13:06:03.998] [DEBUG] cheese - null
[2020-01-30T13:06:03.999] [DEBUG] cheese - null
[2020-01-31T15:04:41.057] [DEBUG] cheese - login => username:admin,password:123456
[2020-01-31T15:04:41.059] [DEBUG] cheese - admin
[2020-01-31T15:04:41.091] [DEBUG] cheese - null
[2020-01-31T15:04:41.091] [DEBUG] cheese - null
[2020-01-31T15:16:39.226] [DEBUG] cheese - login => username:admin,password:123456
[2020-01-31T15:16:39.226] [DEBUG] cheese - admin
[2020-01-31T15:16:39.230] [DEBUG] cheese - null
[2020-01-31T15:16:39.230] [DEBUG] cheese - null
[2020-01-31T15:16:57.411] [DEBUG] cheese - login => username:admin,password:123456
[2020-01-31T15:16:57.412] [DEBUG] cheese - admin
[2020-01-31T15:16:57.416] [DEBUG] cheese - null
[2020-01-31T15:16:57.416] [DEBUG] cheese - null
[2020-01-31T16:45:49.514] [DEBUG] cheese - null
[2020-02-01T15:19:52.934] [DEBUG] cheese - login => username:admin,password:123456
[2020-02-01T15:19:52.934] [DEBUG] cheese - admin
[2020-02-01T15:19:52.943] [DEBUG] cheese - null
[2020-02-01T15:19:52.943] [DEBUG] cheese - null
[2020-02-02T10:55:43.884] [DEBUG] cheese - login => username:admin,password:123456
[2020-02-02T10:55:43.884] [DEBUG] cheese - admin
[2020-02-02T10:55:43.887] [DEBUG] cheese - null
[2020-02-02T10:55:43.887] [DEBUG] cheese - null
[2020-02-02T12:23:43.455] [DEBUG] cheese - login => username:admin,password:123456
[2020-02-02T12:23:43.458] [DEBUG] cheese - admin
[2020-02-02T12:23:43.478] [DEBUG] cheese - null
[2020-02-02T12:23:43.478] [DEBUG] cheese - null
[2020-02-02T12:25:57.106] [DEBUG] cheese - login => username:admin,password:123456
[2020-02-02T12:25:57.106] [DEBUG] cheese - admin
[2020-02-02T12:25:57.112] [DEBUG] cheese - null
[2020-02-02T12:25:57.112] [DEBUG] cheese - null
[2020-02-02T12:27:41.624] [DEBUG] cheese - login => username:admin,password:123456
[2020-02-02T12:27:41.624] [DEBUG] cheese - admin
[2020-02-02T12:27:41.630] [DEBUG] cheese - null
[2020-02-02T12:27:41.630] [DEBUG] cheese - null
[2020-02-02T12:28:10.566] [DEBUG] cheese - login => username:admin5,password:123456
[2020-02-02T12:28:10.566] [DEBUG] cheese - admin5
[2020-02-02T12:28:10.570] [DEBUG] cheese - null
[2020-02-02T12:28:10.571] [DEBUG] cheese - null
[2020-02-02T12:28:31.941] [DEBUG] cheese - login => username:admin,password:123456
[2020-02-02T12:28:31.941] [DEBUG] cheese - admin
[2020-02-02T12:28:31.946] [DEBUG] cheese - null
[2020-02-02T12:28:31.946] [DEBUG] cheese - null
[2020-02-02T12:40:46.618] [DEBUG] cheese - login => username:admin,password:123456
[2020-02-02T12:40:46.619] [DEBUG] cheese - admin
[2020-02-02T12:40:46.622] [DEBUG] cheese - null
[2020-02-02T12:40:46.622] [DEBUG] cheese - null
[2020-02-02T12:47:25.040] [DEBUG] cheese - login => username:admin,password:123456
[2020-02-02T12:47:25.040] [DEBUG] cheese - admin
[2020-02-02T12:47:25.043] [DEBUG] cheese - null
[2020-02-02T12:47:25.043] [DEBUG] cheese - null
[2020-02-02T12:59:06.747] [DEBUG] cheese - login => username:admin,password:123456
[2020-02-02T12:59:06.750] [DEBUG] cheese - admin
[2020-02-02T12:59:06.762] [DEBUG] cheese - null
[2020-02-02T12:59:06.762] [DEBUG] cheese - null
[2020-02-02T13:42:31.266] [DEBUG] cheese - login => username:admin,password:123456
[2020-02-02T13:42:31.266] [DEBUG] cheese - admin
[2020-02-02T13:42:31.272] [DEBUG] cheese - null
[2020-02-02T13:42:31.273] [DEBUG] cheese - null
[2020-02-02T13:42:52.236] [DEBUG] cheese - login => username:admin,password:123456
[2020-02-02T13:42:52.237] [DEBUG] cheese - admin
[2020-02-02T13:42:52.241] [DEBUG] cheese - null
[2020-02-02T13:42:52.241] [DEBUG] cheese - null
[2020-02-02T13:43:22.373] [DEBUG] cheese - login => username:admin,password:123456
[2020-02-02T13:43:22.373] [DEBUG] cheese - admin
[2020-02-02T13:43:22.381] [DEBUG] cheese - null
[2020-02-02T13:43:22.382] [DEBUG] cheese - null
[2020-02-02T13:57:57.669] [DEBUG] cheese - login => username:admin,password:123456
[2020-02-02T13:57:57.669] [DEBUG] cheese - admin
[2020-02-02T13:57:57.675] [DEBUG] cheese - null
[2020-02-02T13:57:57.675] [DEBUG] cheese - null
[2020-02-02T14:01:00.834] [DEBUG] cheese - login => username:admin,password:123456
[2020-02-02T14:01:00.836] [DEBUG] cheese - admin
[2020-02-02T14:01:00.875] [DEBUG] cheese - null
[2020-02-02T14:01:00.876] [DEBUG] cheese - null
[2020-02-02T14:28:33.260] [DEBUG] cheese - login => username:admin,password:123456
[2020-02-02T14:28:33.260] [DEBUG] cheese - admin
[2020-02-02T14:28:33.263] [DEBUG] cheese - null
[2020-02-02T14:28:33.263] [DEBUG] cheese - null
[2020-02-02T14:35:49.467] [DEBUG] cheese - login => username:admin,password:123456
[2020-02-02T14:35:49.467] [DEBUG] cheese - admin
[2020-02-02T14:35:49.470] [DEBUG] cheese - null
[2020-02-02T14:35:49.470] [DEBUG] cheese - null
[2020-02-02T15:29:21.354] [DEBUG] cheese - login => username:admin,password:123456
[2020-02-02T15:29:21.354] [DEBUG] cheese - admin
[2020-02-02T15:29:21.363] [DEBUG] cheese - null
[2020-02-02T15:29:21.363] [DEBUG] cheese - null
[2020-02-02T15:34:42.350] [DEBUG] cheese - login => username:admin,password:123456
[2020-02-02T15:34:42.350] [DEBUG] cheese - admin
[2020-02-02T15:34:42.352] [DEBUG] cheese - null
[2020-02-02T15:34:42.353] [DEBUG] cheese - null
[2020-02-02T16:01:32.433] [DEBUG] cheese - login => username:admin,password:123456
[2020-02-02T16:01:32.433] [DEBUG] cheese - admin
[2020-02-02T16:01:32.435] [DEBUG] cheese - null
[2020-02-02T16:01:32.435] [DEBUG] cheese - null
[2020-02-02T16:11:20.413] [DEBUG] cheese - login => username:admin,password:123456
[2020-02-02T16:11:20.413] [DEBUG] cheese - admin
[2020-02-02T16:11:20.414] [DEBUG] cheese - null
[2020-02-02T16:11:20.414] [DEBUG] cheese - null
[2020-02-05T13:54:07.684] [DEBUG] cheese - login => username:admin,password:123456
[2020-02-05T13:54:07.685] [DEBUG] cheese - admin
[2020-02-05T13:54:07.719] [DEBUG] cheese - null
[2020-02-05T13:54:07.719] [DEBUG] cheese - null
[2020-02-14T17:01:46.873] [DEBUG] cheese - login => username:admin,password:123456
[2020-02-14T17:01:46.876] [DEBUG] cheese - admin
[2020-02-14T17:01:46.900] [DEBUG] cheese - null
[2020-02-14T17:01:46.901] [DEBUG] cheese - null
[2020-02-14T17:50:21.591] [DEBUG] cheese - login => username:admin,password:123456
[2020-02-14T17:50:21.594] [DEBUG] cheese - admin
[2020-02-14T17:50:21.604] [DEBUG] cheese - null
[2020-02-14T17:50:21.604] [DEBUG] cheese - null
[2020-02-14T17:51:46.243] [DEBUG] cheese - login => username:report,password:123456
[2020-02-14T17:51:46.244] [DEBUG] cheese - report
[2020-02-14T17:51:46.247] [DEBUG] cheese - null
[2020-02-14T17:51:46.247] [DEBUG] cheese - null
[2020-02-14T17:51:51.927] [DEBUG] cheese - login => username:admin,password:123456
[2020-02-14T17:51:51.928] [DEBUG] cheese - admin
[2020-02-14T17:51:51.930] [DEBUG] cheese - null
[2020-02-14T17:51:51.930] [DEBUG] cheese - null
[2020-02-14T17:53:05.427] [DEBUG] cheese - login => username:author,password:123456
[2020-02-14T17:53:05.427] [DEBUG] cheese - author
[2020-02-14T17:53:05.429] [DEBUG] cheese - null
[2020-02-14T17:53:05.429] [DEBUG] cheese - null
[2020-02-14T17:53:07.947] [DEBUG] cheese - null
[2020-02-14T17:53:07.949] [DEBUG] cheese - null
[2020-02-14T17:53:13.294] [DEBUG] cheese - null
[2020-02-14T17:53:13.296] [DEBUG] cheese - null
[2020-02-14T17:53:14.599] [DEBUG] cheese - null
[2020-02-14T17:53:14.601] [DEBUG] cheese - null
[2020-02-14T17:53:23.043] [DEBUG] cheese - login => username:admin,password:123456
[2020-02-14T17:53:23.043] [DEBUG] cheese - admin
[2020-02-14T17:53:23.045] [DEBUG] cheese - null
[2020-02-14T17:53:23.045] [DEBUG] cheese - null
[2020-02-15T13:35:26.258] [DEBUG] cheese - login => username:admin,password:123456
[2020-02-15T13:35:26.259] [DEBUG] cheese - admin
[2020-02-15T13:35:26.261] [DEBUG] cheese - null
[2020-02-15T13:35:26.261] [DEBUG] cheese - null
[2020-02-16T12:38:14.875] [DEBUG] cheese - login => username:admin,password:123456
[2020-02-16T12:38:14.875] [DEBUG] cheese - admin
[2020-02-16T12:38:14.885] [DEBUG] cheese - null
[2020-02-16T12:38:14.885] [DEBUG] cheese - null
[2020-02-19T12:23:52.880] [DEBUG] cheese - login => username:admin,password:123456
[2020-02-19T12:23:52.880] [DEBUG] cheese - admin
[2020-02-19T12:23:52.886] [DEBUG] cheese - null
[2020-02-19T12:23:52.887] [DEBUG] cheese - null
[2020-02-19T12:26:17.173] [DEBUG] cheese - login => username:admin,password:123456
[2020-02-19T12:26:17.173] [DEBUG] cheese - admin
[2020-02-19T12:26:17.176] [DEBUG] cheese - null
[2020-02-19T12:26:17.176] [DEBUG] cheese - null
[2020-02-19T12:27:14.420] [DEBUG] cheese - login => username:admin,password:123456
[2020-02-19T12:27:14.420] [DEBUG] cheese - admin
[2020-02-19T12:27:14.422] [DEBUG] cheese - null
[2020-02-19T12:27:14.423] [DEBUG] cheese - null
[2020-02-25T03:10:46.626] [DEBUG] cheese - login => username:admin,password:123456
[2020-02-25T03:10:46.629] [DEBUG] cheese - admin
[2020-02-25T03:10:46.663] [DEBUG] cheese - null
[2020-02-25T03:10:46.663] [DEBUG] cheese - null
[2020-02-25T03:12:31.943] [DEBUG] cheese - login => username:goods,password:123456
[2020-02-25T03:12:31.943] [DEBUG] cheese - goods
[2020-02-25T03:12:31.945] [DEBUG] cheese - null
[2020-02-25T03:12:31.945] [DEBUG] cheese - null
[2020-02-25T03:12:34.412] [DEBUG] cheese - login => username:admin,password:123456
[2020-02-25T03:12:34.412] [DEBUG] cheese - admin
[2020-02-25T03:12:34.415] [DEBUG] cheese - null
[2020-02-25T03:12:34.415] [DEBUG] cheese - null
[2020-02-25T03:12:53.832] [DEBUG] cheese - login => username:good,password:123456
[2020-02-25T03:12:53.832] [DEBUG] cheese - good
[2020-02-25T03:12:53.835] [DEBUG] cheese - null
[2020-02-25T03:12:53.835] [DEBUG] cheese - null
[2020-02-25T03:13:04.899] [DEBUG] cheese - login => username:goods,password:123456
[2020-02-25T03:13:04.899] [DEBUG] cheese - goods
[2020-02-25T03:13:04.901] [DEBUG] cheese - null
[2020-02-25T03:13:04.901] [DEBUG] cheese - null
[2020-02-25T03:13:08.296] [DEBUG] cheese - null
[2020-02-25T03:13:08.298] [DEBUG] cheese - null
[2020-02-25T03:13:24.035] [DEBUG] cheese - null
[2020-02-25T03:13:24.038] [DEBUG] cheese - null
[2020-02-25T03:13:28.201] [DEBUG] cheese - null
[2020-02-25T03:13:28.203] [DEBUG] cheese - null
[2020-02-25T03:13:51.407] [DEBUG] cheese - null
[2020-02-25T03:13:51.410] [DEBUG] cheese - null
[2020-02-25T03:13:56.478] [DEBUG] cheese - null
[2020-02-25T03:13:56.480] [DEBUG] cheese - null
[2020-02-25T03:13:59.727] [DEBUG] cheese - null
[2020-02-25T03:13:59.729] [DEBUG] cheese - null
[2020-02-25T03:14:04.221] [DEBUG] cheese - null
[2020-02-25T03:14:04.224] [DEBUG] cheese - null
[2020-02-25T03:14:04.272] [DEBUG] cheese - null
[2020-02-25T03:14:04.273] [DEBUG] cheese - null
[2020-02-25T03:14:12.593] [DEBUG] cheese - login => username:goods,password:123456
[2020-02-25T03:14:12.593] [DEBUG] cheese - goods
[2020-02-25T03:14:12.596] [DEBUG] cheese - null
[2020-02-25T03:14:12.596] [DEBUG] cheese - null
[2020-02-25T03:14:15.186] [DEBUG] cheese - null
[2020-02-25T03:14:15.188] [DEBUG] cheese - null
[2020-02-25T03:14:16.064] [DEBUG] cheese - null
[2020-02-25T03:14:16.065] [DEBUG] cheese - null
[2020-02-25T03:14:17.239] [DEBUG] cheese - null
[2020-02-25T03:14:17.241] [DEBUG] cheese - null
[2020-02-25T03:14:23.251] [DEBUG] cheese - login => username:admin,password:123456
[2020-02-25T03:14:23.251] [DEBUG] cheese - admin
[2020-02-25T03:14:23.253] [DEBUG] cheese - null
[2020-02-25T03:14:23.253] [DEBUG] cheese - null
[2020-02-25T03:16:13.919] [DEBUG] cheese - login => username:goods,password:123456
[2020-02-25T03:16:13.919] [DEBUG] cheese - goods
[2020-02-25T03:16:13.920] [DEBUG] cheese - null
[2020-02-25T03:16:13.921] [DEBUG] cheese - null
[2020-02-25T03:16:17.235] [DEBUG] cheese - null
[2020-02-25T03:16:17.236] [DEBUG] cheese - null
[2020-02-25T03:16:20.234] [DEBUG] cheese - null
[2020-02-25T03:16:20.239] [DEBUG] cheese - null
[2020-02-25T03:16:21.420] [DEBUG] cheese - null
[2020-02-25T03:16:21.427] [DEBUG] cheese - null
[2020-02-25T03:16:28.501] [DEBUG] cheese - login => username:admin,password:123456
[2020-02-25T03:16:28.502] [DEBUG] cheese - admin
[2020-02-25T03:16:28.513] [DEBUG] cheese - null
[2020-02-25T03:16:28.513] [DEBUG] cheese - null
[2020-02-25T03:23:35.712] [DEBUG] cheese - login => username:admin,password:123456
[2020-02-25T03:23:35.712] [DEBUG] cheese - admin
[2020-02-25T03:23:35.715] [DEBUG] cheese - null
[2020-02-25T03:23:35.715] [DEBUG] cheese - null
[2020-02-25T03:25:38.822] [DEBUG] cheese - null
[2020-02-25T03:26:05.449] [DEBUG] cheese - login => username:linken,password:123456
[2020-02-25T03:26:05.450] [DEBUG] cheese - linken
[2020-02-25T03:26:05.451] [DEBUG] cheese - null
[2020-02-25T03:26:05.451] [DEBUG] cheese - null
[2020-02-25T03:26:07.914] [DEBUG] cheese - null
[2020-02-25T03:26:12.458] [DEBUG] cheese - null
[2020-02-25T03:26:18.375] [DEBUG] cheese - null
[2020-02-25T03:26:18.377] [DEBUG] cheese - null
[2020-02-25T03:26:21.334] [DEBUG] cheese - null
[2020-02-25T03:26:21.335] [DEBUG] cheese - null
[2020-02-25T03:26:22.151] [DEBUG] cheese - null
[2020-02-25T03:26:22.153] [DEBUG] cheese - null
[2020-02-25T03:26:22.799] [DEBUG] cheese - null
[2020-02-25T03:26:22.801] [DEBUG] cheese - null
[2020-02-25T03:26:25.970] [DEBUG] cheese - login => username:admin,password:123456
[2020-02-25T03:26:25.970] [DEBUG] cheese - admin
[2020-02-25T03:26:25.972] [DEBUG] cheese - null
[2020-02-25T03:26:25.972] [DEBUG] cheese - null
[2020-02-25T03:44:58.658] [DEBUG] cheese - login => username:admin,password:123456
[2020-02-25T03:44:58.658] [DEBUG] cheese - admin
[2020-02-25T03:44:58.660] [DEBUG] cheese - null
[2020-02-25T03:44:58.660] [DEBUG] cheese - null
[2020-02-25T09:35:09.360] [DEBUG] cheese - login => username:admin,password:123456
[2020-02-25T09:35:09.360] [DEBUG] cheese - admin
[2020-02-25T09:35:09.361] [DEBUG] cheese - null
[2020-02-25T09:35:09.361] [DEBUG] cheese - null
[2020-02-25T09:35:20.332] [DEBUG] cheese - login => username:goods,password:123456
[2020-02-25T09:35:20.333] [DEBUG] cheese - goods
[2020-02-25T09:35:20.335] [DEBUG] cheese - null
[2020-02-25T09:35:20.335] [DEBUG] cheese - null
[2020-02-25T09:35:22.817] [DEBUG] cheese - null
[2020-02-25T09:35:22.819] [DEBUG] cheese - null
[2020-02-25T09:35:23.402] [DEBUG] cheese - null
[2020-02-25T09:35:23.404] [DEBUG] cheese - null
[2020-02-25T09:35:31.430] [DEBUG] cheese - login => username:author,password:123456
[2020-02-25T09:35:31.430] [DEBUG] cheese - author
[2020-02-25T09:35:31.432] [DEBUG] cheese - null
[2020-02-25T09:35:31.432] [DEBUG] cheese - null
[2020-02-25T09:35:33.625] [DEBUG] cheese - null
[2020-02-25T09:35:33.626] [DEBUG] cheese - null
[2020-02-25T09:35:34.109] [DEBUG] cheese - null
[2020-02-25T09:35:34.110] [DEBUG] cheese - null
[2020-02-25T09:36:07.230] [DEBUG] cheese - login => username:admin,password:123456
[2020-02-25T09:36:07.230] [DEBUG] cheese - admin
[2020-02-25T09:36:07.233] [DEBUG] cheese - null
[2020-02-25T09:36:07.233] [DEBUG] cheese - null
[2020-02-25T09:36:57.448] [DEBUG] cheese - login => username:test,password:123456
[2020-02-25T09:36:57.448] [DEBUG] cheese - test
[2020-02-25T09:36:57.450] [DEBUG] cheese - null
[2020-02-25T09:36:57.451] [DEBUG] cheese - null
[2020-02-25T09:36:59.390] [DEBUG] cheese - login => username:admin,password:123456
[2020-02-25T09:36:59.390] [DEBUG] cheese - admin
[2020-02-25T09:36:59.392] [DEBUG] cheese - null
[2020-02-25T09:36:59.392] [DEBUG] cheese - null
[2020-02-25T09:37:20.461] [DEBUG] cheese - login => username:test,password:123456
[2020-02-25T09:37:20.461] [DEBUG] cheese - test
[2020-02-25T09:37:20.463] [DEBUG] cheese - null
[2020-02-25T09:37:20.463] [DEBUG] cheese - null
[2020-02-25T09:37:22.733] [DEBUG] cheese - null
[2020-02-25T09:37:22.734] [DEBUG] cheese - null
[2020-02-25T09:37:26.423] [DEBUG] cheese - login => username:admin,password:123456
[2020-02-25T09:37:26.424] [DEBUG] cheese - admin
[2020-02-25T09:37:26.425] [DEBUG] cheese - null
[2020-02-25T09:37:26.425] [DEBUG] cheese - null
[2020-02-25T09:37:34.639] [DEBUG] cheese - null
[2020-02-25T09:37:38.764] [DEBUG] cheese - null
[2020-02-25T09:37:44.419] [DEBUG] cheese - login => username:test,password:123456
[2020-02-25T09:37:44.419] [DEBUG] cheese - test
[2020-02-25T09:37:44.422] [DEBUG] cheese - null
[2020-02-25T09:37:44.422] [DEBUG] cheese - null
[2020-02-25T09:52:10.526] [DEBUG] cheese - null
[2020-02-25T09:52:10.528] [DEBUG] cheese - null
[2020-02-25T09:52:11.905] [DEBUG] cheese - null
[2020-02-25T09:52:11.906] [DEBUG] cheese - null
[2020-02-25T09:52:13.187] [DEBUG] cheese - null
[2020-02-25T09:52:13.189] [DEBUG] cheese - null
[2020-02-25T09:52:15.056] [DEBUG] cheese - null
[2020-02-25T09:52:15.057] [DEBUG] cheese - null
[2020-02-25T09:52:25.023] [DEBUG] cheese - null
[2020-02-25T09:52:25.024] [DEBUG] cheese - null
[2020-02-25T09:52:26.311] [DEBUG] cheese - null
[2020-02-25T09:52:26.312] [DEBUG] cheese - null
[2020-03-08T23:33:06.424] [DEBUG] cheese - login => username:admin,password:123456
[2020-03-08T23:33:06.428] [DEBUG] cheese - admin
[2020-03-08T23:33:06.483] [DEBUG] cheese - null
[2020-03-08T23:33:06.484] [DEBUG] cheese - null
[2020-03-08T23:33:18.033] [DEBUG] cheese - login => username:admin,password:123456
[2020-03-08T23:33:18.033] [DEBUG] cheese - admin
[2020-03-08T23:33:18.039] [DEBUG] cheese - null
[2020-03-08T23:33:18.039] [DEBUG] cheese - null
[2020-05-10T14:25:31.868] [DEBUG] cheese - login => username:admin,password:123456
[2020-05-10T14:25:31.870] [DEBUG] cheese - admin
[2020-05-10T14:25:31.873] [DEBUG] cheese - null
[2020-05-10T14:25:31.874] [DEBUG] cheese - null
[2020-05-10T15:07:35.379] [DEBUG] cheese - login => username:admin,password:123456
[2020-05-10T15:07:35.380] [DEBUG] cheese - admin
[2020-05-10T15:07:35.383] [DEBUG] cheese - null
[2020-05-10T15:07:35.384] [DEBUG] cheese - null
[2020-05-10T19:03:52.723] [DEBUG] cheese - null
[2020-05-10T20:19:05.862] [DEBUG] cheese - null
[2020-05-10T20:19:08.042] [DEBUG] cheese - null
[2020-05-10T20:19:14.916] [DEBUG] cheese - null
[2020-05-10T20:20:50.707] [DEBUG] cheese - null
[2020-05-10T20:34:35.234] [DEBUG] cheese - null
[2020-05-10T21:08:59.662] [DEBUG] cheese - null
[2020-05-10T21:09:16.626] [DEBUG] cheese - null
[2020-05-10T21:15:11.631] [DEBUG] cheese - login => username:admin,password:123456
[2020-05-10T21:15:11.631] [DEBUG] cheese - admin
[2020-05-10T21:15:11.642] [DEBUG] cheese - null
[2020-05-10T21:15:11.642] [DEBUG] cheese - null
[2020-05-10T21:15:41.909] [DEBUG] cheese - null
[2020-05-10T21:18:11.022] [DEBUG] cheese - null
[2020-05-10T21:20:39.783] [DEBUG] cheese - null
[2020-05-10T21:20:45.997] [DEBUG] cheese - null
[2020-05-10T21:20:50.276] [DEBUG] cheese - null
[2020-05-10T21:21:09.950] [DEBUG] cheese - null
[2020-05-10T21:21:39.098] [DEBUG] cheese - null
[2020-05-10T21:21:57.069] [DEBUG] cheese - null
[2020-05-10T21:22:59.172] [DEBUG] cheese - null
[2020-05-10T21:23:19.060] [DEBUG] cheese - null
[2020-05-10T21:23:22.356] [DEBUG] cheese - null
[2020-05-10T21:24:14.849] [DEBUG] cheese - null
[2020-05-11T18:50:51.339] [DEBUG] cheese - login => username:admin,password:123456
[2020-05-11T18:50:51.341] [DEBUG] cheese - admin
[2020-05-11T18:50:51.399] [DEBUG] cheese - null
[2020-05-11T18:50:51.399] [DEBUG] cheese - null
[2020-05-11T19:11:07.509] [DEBUG] cheese - login => username:admin,password:123456
[2020-05-11T19:11:07.509] [DEBUG] cheese - admin
[2020-05-11T19:11:07.512] [DEBUG] cheese - null
[2020-05-11T19:11:07.513] [DEBUG] cheese - null
[2020-05-11T19:14:58.951] [DEBUG] cheese - login => username:admin,password:123456
[2020-05-11T19:14:58.951] [DEBUG] cheese - admin
[2020-05-11T19:14:58.955] [DEBUG] cheese - null
[2020-05-11T19:14:58.955] [DEBUG] cheese - null
[2020-05-11T19:15:12.212] [DEBUG] cheese - login => username:admin,password:123456
[2020-05-11T19:15:12.212] [DEBUG] cheese - admin
[2020-05-11T19:15:12.214] [DEBUG] cheese - null
[2020-05-11T19:15:12.214] [DEBUG] cheese - null
[2020-05-11T19:17:08.497] [DEBUG] cheese - null
[2023-05-27T16:36:30.115] [DEBUG] cheese - login => username:admin,password:123456
[2023-05-27T16:36:30.116] [DEBUG] cheese - admin
[2023-05-27T16:36:30.171] [DEBUG] cheese - null
[2023-05-27T16:36:30.171] [DEBUG] cheese - null
[2023-05-27T16:46:23.631] [DEBUG] cheese - login => username:admin,password:123456
[2023-05-27T16:46:23.632] [DEBUG] cheese - admin
[2023-05-27T16:46:23.640] [DEBUG] cheese - null
[2023-05-27T16:46:23.641] [DEBUG] cheese - null
[2023-05-27T16:47:09.572] [DEBUG] cheese - login => username:admin,password:123456
[2023-05-27T16:47:09.572] [DEBUG] cheese - admin
[2023-05-27T16:47:09.574] [DEBUG] cheese - null
[2023-05-27T16:47:09.574] [DEBUG] cheese - null
[2023-05-30T21:48:53.831] [DEBUG] cheese - login => username:admin,password:123456
[2023-05-30T21:48:53.832] [DEBUG] cheese - admin
[2023-05-30T21:48:53.891] [DEBUG] cheese - null
[2023-05-30T21:48:53.891] [DEBUG] cheese - null
[2023-05-30T22:21:40.429] [DEBUG] cheese - login => username:admin,password:123456
[2023-05-30T22:21:40.429] [DEBUG] cheese - admin
[2023-05-30T22:21:40.431] [DEBUG] cheese - null
[2023-05-30T22:21:40.431] [DEBUG] cheese - null
[2023-05-31T20:42:20.363] [DEBUG] cheese - login => username:admin,password:123456
[2023-05-31T20:42:20.364] [DEBUG] cheese - admin
[2023-05-31T20:42:20.409] [DEBUG] cheese - null
[2023-05-31T20:42:20.410] [DEBUG] cheese - null
[2023-05-31T20:42:26.221] [DEBUG] cheese - login => username:Admin,password:123456
[2023-05-31T20:42:26.221] [DEBUG] cheese - Admin
[2023-05-31T20:42:26.223] [DEBUG] cheese - null
[2023-05-31T20:42:26.223] [DEBUG] cheese - null
[2023-05-31T20:42:33.729] [DEBUG] cheese - login => username:Admin,password:123456
[2023-05-31T20:42:33.729] [DEBUG] cheese - Admin
[2023-05-31T20:42:33.732] [DEBUG] cheese - null
[2023-05-31T20:42:33.732] [DEBUG] cheese - null
[2023-05-31T20:42:41.155] [DEBUG] cheese - login => username:Admin,password:123456
[2023-05-31T20:42:41.155] [DEBUG] cheese - Admin
[2023-05-31T20:42:41.157] [DEBUG] cheese - null
[2023-05-31T20:42:41.157] [DEBUG] cheese - null
[2023-05-31T20:43:09.227] [DEBUG] cheese - login => username:Admin,password:123456
[2023-05-31T20:43:09.227] [DEBUG] cheese - Admin
[2023-05-31T20:43:09.230] [DEBUG] cheese - null
[2023-05-31T20:43:09.230] [DEBUG] cheese - null
[2023-05-31T20:43:12.685] [DEBUG] cheese - login => username:Admin,password:123456
[2023-05-31T20:43:12.685] [DEBUG] cheese - Admin
[2023-05-31T20:43:12.687] [DEBUG] cheese - null
[2023-05-31T20:43:12.687] [DEBUG] cheese - null
[2023-05-31T20:43:18.663] [DEBUG] cheese - login => username:Admin,password:123456
[2023-05-31T20:43:18.663] [DEBUG] cheese - Admin
[2023-05-31T20:43:18.665] [DEBUG] cheese - null
[2023-05-31T20:43:18.665] [DEBUG] cheese - null
[2023-05-31T20:43:26.360] [DEBUG] cheese - login => username:Admin,password:123456
[2023-05-31T20:43:26.360] [DEBUG] cheese - Admin
[2023-05-31T20:43:26.362] [DEBUG] cheese - null
[2023-05-31T20:43:26.362] [DEBUG] cheese - null
[2023-05-31T20:43:35.306] [DEBUG] cheese - login => username:Admin,password:123456
[2023-05-31T20:43:35.306] [DEBUG] cheese - Admin
[2023-05-31T20:43:35.308] [DEBUG] cheese - null
[2023-05-31T20:43:35.308] [DEBUG] cheese - null
[2023-05-31T20:43:38.823] [DEBUG] cheese - login => username:Admin,password:123456
[2023-05-31T20:43:38.823] [DEBUG] cheese - Admin
[2023-05-31T20:43:38.826] [DEBUG] cheese - null
[2023-05-31T20:43:38.826] [DEBUG] cheese - null
[2023-05-31T20:44:23.770] [DEBUG] cheese - login => username:Admin,password:123456
[2023-05-31T20:44:23.771] [DEBUG] cheese - Admin
[2023-05-31T20:44:23.773] [DEBUG] cheese - null
[2023-05-31T20:44:23.773] [DEBUG] cheese - null
[2023-05-31T20:44:30.432] [DEBUG] cheese - login => username:Admin,password:123456
[2023-05-31T20:44:30.432] [DEBUG] cheese - Admin
[2023-05-31T20:44:30.434] [DEBUG] cheese - null
[2023-05-31T20:44:30.434] [DEBUG] cheese - null
[2023-05-31T20:44:34.195] [DEBUG] cheese - login => username:Admin,password:123456
[2023-05-31T20:44:34.195] [DEBUG] cheese - Admin
[2023-05-31T20:44:34.197] [DEBUG] cheese - null
[2023-05-31T20:44:34.197] [DEBUG] cheese - null
[2023-05-31T20:46:02.432] [DEBUG] cheese - login => username:Admin,password:123456
[2023-05-31T20:46:02.432] [DEBUG] cheese - Admin
[2023-05-31T20:46:02.434] [DEBUG] cheese - null
[2023-05-31T20:46:02.434] [DEBUG] cheese - null
[2023-05-31T20:46:11.426] [DEBUG] cheese - login => username:Admin,password:123456
[2023-05-31T20:46:11.426] [DEBUG] cheese - Admin
[2023-05-31T20:46:11.428] [DEBUG] cheese - null
[2023-05-31T20:46:11.428] [DEBUG] cheese - null
[2023-05-31T20:46:24.363] [DEBUG] cheese - login => username:Admin,password:123456
[2023-05-31T20:46:24.364] [DEBUG] cheese - Admin
[2023-05-31T20:46:24.365] [DEBUG] cheese - null
[2023-05-31T20:46:24.365] [DEBUG] cheese - null
[2023-05-31T20:46:59.354] [DEBUG] cheese - login => username:admin,password:123456
[2023-05-31T20:46:59.354] [DEBUG] cheese - admin
[2023-05-31T20:46:59.356] [DEBUG] cheese - null
[2023-05-31T20:46:59.356] [DEBUG] cheese - null
[2023-05-31T20:47:11.826] [DEBUG] cheese - login => username:admin,password:123456
[2023-05-31T20:47:11.827] [DEBUG] cheese - admin
[2023-05-31T20:47:11.828] [DEBUG] cheese - null
[2023-05-31T20:47:11.828] [DEBUG] cheese - null
[2023-05-31T20:50:43.184] [DEBUG] cheese - login => username:admin,password:123456
[2023-05-31T20:50:43.184] [DEBUG] cheese - admin
[2023-05-31T20:50:43.186] [DEBUG] cheese - null
[2023-05-31T20:50:43.186] [DEBUG] cheese - null
[2023-05-31T20:50:50.642] [DEBUG] cheese - login => username:admin,password:123456
[2023-05-31T20:50:50.642] [DEBUG] cheese - admin
[2023-05-31T20:50:50.644] [DEBUG] cheese - null
[2023-05-31T20:50:50.644] [DEBUG] cheese - null
[2023-05-31T20:50:55.915] [DEBUG] cheese - login => username:admin,password:123456
[2023-05-31T20:50:55.915] [DEBUG] cheese - admin
[2023-05-31T20:50:55.917] [DEBUG] cheese - null
[2023-05-31T20:50:55.917] [DEBUG] cheese - null
[2023-05-31T20:53:34.323] [DEBUG] cheese - login => username:Admin,password:123456
[2023-05-31T20:53:34.323] [DEBUG] cheese - Admin
[2023-05-31T20:53:34.325] [DEBUG] cheese - null
[2023-05-31T20:53:34.325] [DEBUG] cheese - null
[2023-05-31T20:53:38.696] [DEBUG] cheese - login => username:Admin,password:123456
[2023-05-31T20:53:38.696] [DEBUG] cheese - Admin
[2023-05-31T20:53:38.698] [DEBUG] cheese - null
[2023-05-31T20:53:38.698] [DEBUG] cheese - null
[2023-05-31T20:53:42.096] [DEBUG] cheese - login => username:Admin,password:123456
[2023-05-31T20:53:42.096] [DEBUG] cheese - Admin
[2023-05-31T20:53:42.098] [DEBUG] cheese - null
[2023-05-31T20:53:42.098] [DEBUG] cheese - null
[2023-05-31T20:54:37.461] [DEBUG] cheese - login => username:admin,password:123456
[2023-05-31T20:54:37.461] [DEBUG] cheese - admin
[2023-05-31T20:54:37.462] [DEBUG] cheese - null
[2023-05-31T20:54:37.463] [DEBUG] cheese - null
[2023-05-31T20:55:43.259] [DEBUG] cheese - login => username:Admin,password:123456
[2023-05-31T20:55:43.260] [DEBUG] cheese - Admin
[2023-05-31T20:55:43.261] [DEBUG] cheese - null
[2023-05-31T20:55:43.262] [DEBUG] cheese - null
[2023-05-31T20:55:45.111] [DEBUG] cheese - login => username:Admin,password:123456
[2023-05-31T20:55:45.111] [DEBUG] cheese - Admin
[2023-05-31T20:55:45.112] [DEBUG] cheese - null
[2023-05-31T20:55:45.112] [DEBUG] cheese - null
[2023-05-31T20:57:41.678] [DEBUG] cheese - login => username:Admin,password:123456
[2023-05-31T20:57:41.678] [DEBUG] cheese - Admin
[2023-05-31T20:57:41.680] [DEBUG] cheese - null
[2023-05-31T20:57:41.680] [DEBUG] cheese - null
[2023-05-31T20:58:01.455] [DEBUG] cheese - login => username:Admin,password:123456
[2023-05-31T20:58:01.455] [DEBUG] cheese - Admin
[2023-05-31T20:58:01.456] [DEBUG] cheese - null
[2023-05-31T20:58:01.456] [DEBUG] cheese - null
[2023-05-31T20:58:21.602] [DEBUG] cheese - login => username:Admin,password:123456
[2023-05-31T20:58:21.602] [DEBUG] cheese - Admin
[2023-05-31T20:58:21.604] [DEBUG] cheese - null
[2023-05-31T20:58:21.604] [DEBUG] cheese - null
[2023-05-31T20:59:21.985] [DEBUG] cheese - login => username:Admin,password:123456
[2023-05-31T20:59:21.985] [DEBUG] cheese - Admin
[2023-05-31T20:59:21.987] [DEBUG] cheese - null
[2023-05-31T20:59:21.987] [DEBUG] cheese - null
[2023-05-31T20:59:48.014] [DEBUG] cheese - login => username:Admin,password:123456
[2023-05-31T20:59:48.014] [DEBUG] cheese - Admin
[2023-05-31T20:59:48.016] [DEBUG] cheese - null
[2023-05-31T20:59:48.016] [DEBUG] cheese - null
[2023-05-31T20:59:51.835] [DEBUG] cheese - login => username:Admin,password:123456
[2023-05-31T20:59:51.835] [DEBUG] cheese - Admin
[2023-05-31T20:59:51.836] [DEBUG] cheese - null
[2023-05-31T20:59:51.836] [DEBUG] cheese - null
[2023-05-31T21:00:31.972] [DEBUG] cheese - login => username:Admin,password:123456
[2023-05-31T21:00:31.972] [DEBUG] cheese - Admin
[2023-05-31T21:00:31.974] [DEBUG] cheese - null
[2023-05-31T21:00:31.974] [DEBUG] cheese - null
[2023-05-31T21:01:49.652] [DEBUG] cheese - login => username:Admin,password:123456
[2023-05-31T21:01:49.653] [DEBUG] cheese - Admin
[2023-05-31T21:01:49.654] [DEBUG] cheese - null
[2023-05-31T21:01:49.654] [DEBUG] cheese - null
[2023-05-31T21:01:54.630] [DEBUG] cheese - login => username:Admin,password:123456
[2023-05-31T21:01:54.631] [DEBUG] cheese - Admin
[2023-05-31T21:01:54.632] [DEBUG] cheese - null
[2023-05-31T21:01:54.633] [DEBUG] cheese - null
[2023-05-31T21:01:58.635] [DEBUG] cheese - login => username:Admin,password:123456
[2023-05-31T21:01:58.635] [DEBUG] cheese - Admin
[2023-05-31T21:01:58.637] [DEBUG] cheese - null
[2023-05-31T21:01:58.637] [DEBUG] cheese - null
[2023-05-31T21:02:17.643] [DEBUG] cheese - login => username:Admin,password:123456
[2023-05-31T21:02:17.643] [DEBUG] cheese - Admin
[2023-05-31T21:02:17.644] [DEBUG] cheese - null
[2023-05-31T21:02:17.644] [DEBUG] cheese - null
[2023-05-31T21:15:30.573] [DEBUG] cheese - login => username:Admin,password:123456
[2023-05-31T21:15:30.573] [DEBUG] cheese - Admin
[2023-05-31T21:15:30.576] [DEBUG] cheese - null
[2023-05-31T21:15:30.576] [DEBUG] cheese - null
[2023-05-31T21:49:57.454] [DEBUG] cheese - login => username:Admin,password:123456
[2023-05-31T21:49:57.455] [DEBUG] cheese - Admin
[2023-05-31T21:49:57.463] [DEBUG] cheese - null
[2023-05-31T21:49:57.463] [DEBUG] cheese - null
[2023-05-31T21:50:09.829] [DEBUG] cheese - login => username:Admin,password:123456
[2023-05-31T21:50:09.830] [DEBUG] cheese - Admin
[2023-05-31T21:50:09.833] [DEBUG] cheese - null
[2023-05-31T21:50:09.833] [DEBUG] cheese - null
[2023-05-31T21:53:26.183] [DEBUG] cheese - null
[2023-05-31T21:53:26.188] [DEBUG] cheese - null
[2023-06-01T13:55:04.912] [DEBUG] cheese - login => username:Admin,password:123456
[2023-06-01T13:55:04.913] [DEBUG] cheese - Admin
[2023-06-01T13:55:04.922] [DEBUG] cheese - null
[2023-06-01T13:55:04.922] [DEBUG] cheese - null
[2023-06-01T15:40:43.295] [DEBUG] cheese - login => username:register,password:000000
[2023-06-01T15:40:43.298] [DEBUG] cheese - register
[2023-06-01T15:40:43.305] [DEBUG] cheese - null
[2023-06-01T15:40:43.305] [DEBUG] cheese - null
[2023-06-01T15:42:12.829] [DEBUG] cheese - login => username:register,password:000000
[2023-06-01T15:42:12.829] [DEBUG] cheese - register
[2023-06-01T15:42:12.833] [DEBUG] cheese - null
[2023-06-01T15:42:12.833] [DEBUG] cheese - null
[2023-06-01T15:44:39.215] [DEBUG] cheese - login => username:register,password:000000
[2023-06-01T15:44:39.216] [DEBUG] cheese - register
[2023-06-01T15:44:39.224] [DEBUG] cheese - null
[2023-06-01T15:44:39.224] [DEBUG] cheese - null
[2023-06-01T15:44:43.688] [DEBUG] cheese - login => username:register,password:000000
[2023-06-01T15:44:43.688] [DEBUG] cheese - register
[2023-06-01T15:44:43.691] [DEBUG] cheese - null
[2023-06-01T15:44:43.691] [DEBUG] cheese - null
[2023-06-01T15:45:55.517] [DEBUG] cheese - login => username:register,password:000000
[2023-06-01T15:45:55.517] [DEBUG] cheese - register
[2023-06-01T15:45:55.521] [DEBUG] cheese - null
[2023-06-01T15:45:55.521] [DEBUG] cheese - null
[2023-06-01T15:45:58.662] [DEBUG] cheese - login => username:register,password:000000
[2023-06-01T15:45:58.662] [DEBUG] cheese - register
[2023-06-01T15:45:58.666] [DEBUG] cheese - null
[2023-06-01T15:45:58.666] [DEBUG] cheese - null
[2023-06-01T15:48:31.544] [DEBUG] cheese - login => username:register,password:000000
[2023-06-01T15:48:31.544] [DEBUG] cheese - register
[2023-06-01T15:48:31.547] [DEBUG] cheese - null
[2023-06-01T15:48:31.547] [DEBUG] cheese - null
[2023-06-01T15:48:35.550] [DEBUG] cheese - login => username:register,password:000000
[2023-06-01T15:48:35.550] [DEBUG] cheese - register
[2023-06-01T15:48:35.554] [DEBUG] cheese - null
[2023-06-01T15:48:35.554] [DEBUG] cheese - null
[2023-06-01T16:09:12.207] [DEBUG] cheese - login => username:register,password:000000
[2023-06-01T16:09:12.207] [DEBUG] cheese - register
[2023-06-01T16:09:12.210] [DEBUG] cheese - null
[2023-06-01T16:09:12.211] [DEBUG] cheese - null
[2023-06-01T16:09:50.033] [DEBUG] cheese - login => username:register,password:000000
[2023-06-01T16:09:50.033] [DEBUG] cheese - register
[2023-06-01T16:09:50.036] [DEBUG] cheese - null
[2023-06-01T16:09:50.036] [DEBUG] cheese - null
[2023-06-01T16:09:52.805] [DEBUG] cheese - login => username:register,password:000000
[2023-06-01T16:09:52.805] [DEBUG] cheese - register
[2023-06-01T16:09:52.809] [DEBUG] cheese - null
[2023-06-01T16:09:52.809] [DEBUG] cheese - null
[2023-06-01T16:10:19.383] [DEBUG] cheese - login => username:register,password:000000
[2023-06-01T16:10:19.383] [DEBUG] cheese - register
[2023-06-01T16:10:19.386] [DEBUG] cheese - null
[2023-06-01T16:10:19.386] [DEBUG] cheese - null
[2023-06-01T16:10:41.382] [DEBUG] cheese - login => username:register,password:000000
[2023-06-01T16:10:41.382] [DEBUG] cheese - register
[2023-06-01T16:10:41.386] [DEBUG] cheese - null
[2023-06-01T16:10:41.387] [DEBUG] cheese - null
[2023-06-01T16:10:57.287] [DEBUG] cheese - login => username:register,password:000000
[2023-06-01T16:10:57.287] [DEBUG] cheese - register
[2023-06-01T16:10:57.290] [DEBUG] cheese - null
[2023-06-01T16:10:57.290] [DEBUG] cheese - null
[2023-06-01T16:11:13.284] [DEBUG] cheese - login => username:register,password:000000
[2023-06-01T16:11:13.285] [DEBUG] cheese - register
[2023-06-01T16:11:13.287] [DEBUG] cheese - null
[2023-06-01T16:11:13.287] [DEBUG] cheese - null
[2023-06-01T16:11:17.268] [DEBUG] cheese - login => username:register,password:000000
[2023-06-01T16:11:17.268] [DEBUG] cheese - register
[2023-06-01T16:11:17.270] [DEBUG] cheese - null
[2023-06-01T16:11:17.270] [DEBUG] cheese - null
[2023-06-01T16:11:52.972] [DEBUG] cheese - login => username:register,password:000000
[2023-06-01T16:11:52.972] [DEBUG] cheese - register
[2023-06-01T16:11:52.975] [DEBUG] cheese - null
[2023-06-01T16:11:52.976] [DEBUG] cheese - null
[2023-06-01T16:12:15.055] [DEBUG] cheese - login => username:register,password:000000
[2023-06-01T16:12:15.055] [DEBUG] cheese - register
[2023-06-01T16:12:15.057] [DEBUG] cheese - null
[2023-06-01T16:12:15.058] [DEBUG] cheese - null
[2023-06-01T16:12:17.922] [DEBUG] cheese - login => username:register,password:000000
[2023-06-01T16:12:17.922] [DEBUG] cheese - register
[2023-06-01T16:12:17.925] [DEBUG] cheese - null
[2023-06-01T16:12:17.925] [DEBUG] cheese - null
[2023-06-01T16:12:19.110] [DEBUG] cheese - login => username:register,password:000000
[2023-06-01T16:12:19.111] [DEBUG] cheese - register
[2023-06-01T16:12:19.114] [DEBUG] cheese - null
[2023-06-01T16:12:19.114] [DEBUG] cheese - null
[2023-06-01T16:12:35.695] [DEBUG] cheese - login => username:register,password:000000
[2023-06-01T16:12:35.695] [DEBUG] cheese - register
[2023-06-01T16:12:35.698] [DEBUG] cheese - null
[2023-06-01T16:12:35.698] [DEBUG] cheese - null
[2023-06-01T16:12:37.962] [DEBUG] cheese - login => username:register,password:000000
[2023-06-01T16:12:37.962] [DEBUG] cheese - register
[2023-06-01T16:12:37.964] [DEBUG] cheese - null
[2023-06-01T16:12:37.964] [DEBUG] cheese - null
[2023-06-01T16:13:15.764] [DEBUG] cheese - login => username:register,password:000000
[2023-06-01T16:13:15.764] [DEBUG] cheese - register
[2023-06-01T16:13:15.766] [DEBUG] cheese - null
[2023-06-01T16:13:15.766] [DEBUG] cheese - null
[2023-06-01T16:13:18.376] [DEBUG] cheese - login => username:register,password:000000
[2023-06-01T16:13:18.376] [DEBUG] cheese - register
[2023-06-01T16:13:18.381] [DEBUG] cheese - null
[2023-06-01T16:13:18.381] [DEBUG] cheese - null
[2023-06-01T16:14:18.761] [DEBUG] cheese - login => username:register,password:000000
[2023-06-01T16:14:18.761] [DEBUG] cheese - register
[2023-06-01T16:14:18.763] [DEBUG] cheese - null
[2023-06-01T16:14:18.763] [DEBUG] cheese - null
[2023-06-01T16:14:21.796] [DEBUG] cheese - login => username:register,password:000000
[2023-06-01T16:14:21.796] [DEBUG] cheese - register
[2023-06-01T16:14:21.798] [DEBUG] cheese - null
[2023-06-01T16:14:21.799] [DEBUG] cheese - null
[2023-06-01T16:14:49.262] [DEBUG] cheese - login => username:register,password:000000
[2023-06-01T16:14:49.262] [DEBUG] cheese - register
[2023-06-01T16:14:49.264] [DEBUG] cheese - null
[2023-06-01T16:14:49.264] [DEBUG] cheese - null
[2023-06-01T16:14:53.949] [DEBUG] cheese - login => username:register,password:000000
[2023-06-01T16:14:53.949] [DEBUG] cheese - register
[2023-06-01T16:14:53.951] [DEBUG] cheese - null
[2023-06-01T16:14:53.951] [DEBUG] cheese - null
[2023-06-01T16:15:18.446] [DEBUG] cheese - login => username:register,password:000000
[2023-06-01T16:15:18.446] [DEBUG] cheese - register
[2023-06-01T16:15:18.448] [DEBUG] cheese - null
[2023-06-01T16:15:18.448] [DEBUG] cheese - null
[2023-06-01T16:16:25.288] [DEBUG] cheese - login => username:register,password:000000
[2023-06-01T16:16:25.289] [DEBUG] cheese - register
[2023-06-01T16:16:25.291] [DEBUG] cheese - null
[2023-06-01T16:16:25.291] [DEBUG] cheese - null
[2023-06-01T16:16:29.102] [DEBUG] cheese - login => username:register,password:000000
[2023-06-01T16:16:29.103] [DEBUG] cheese - register
[2023-06-01T16:16:29.105] [DEBUG] cheese - null
[2023-06-01T16:16:29.106] [DEBUG] cheese - null
[2023-06-01T16:17:03.246] [DEBUG] cheese - login => username:register,password:000000
[2023-06-01T16:17:03.246] [DEBUG] cheese - register
[2023-06-01T16:17:03.249] [DEBUG] cheese - null
[2023-06-01T16:17:03.249] [DEBUG] cheese - null
[2023-06-01T16:17:04.395] [DEBUG] cheese - login => username:register,password:000000
[2023-06-01T16:17:04.395] [DEBUG] cheese - register
[2023-06-01T16:17:04.398] [DEBUG] cheese - null
[2023-06-01T16:17:04.398] [DEBUG] cheese - null
[2023-06-01T16:17:08.775] [DEBUG] cheese - login => username:register,password:000000
[2023-06-01T16:17:08.775] [DEBUG] cheese - register
[2023-06-01T16:17:08.778] [DEBUG] cheese - null
[2023-06-01T16:17:08.778] [DEBUG] cheese - null
[2023-06-01T16:18:26.997] [DEBUG] cheese - login => username:register,password:000000
[2023-06-01T16:18:26.997] [DEBUG] cheese - register
[2023-06-01T16:18:26.999] [DEBUG] cheese - null
[2023-06-01T16:18:26.999] [DEBUG] cheese - null
[2023-06-01T16:18:36.814] [DEBUG] cheese - login => username:Admin,password:123456
[2023-06-01T16:18:36.814] [DEBUG] cheese - Admin
[2023-06-01T16:18:36.816] [DEBUG] cheese - null
[2023-06-01T16:18:36.816] [DEBUG] cheese - null
[2023-06-01T16:19:42.703] [DEBUG] cheese - login => username:register,password:000000
[2023-06-01T16:19:42.703] [DEBUG] cheese - register
[2023-06-01T16:19:42.706] [DEBUG] cheese - null
[2023-06-01T16:19:42.706] [DEBUG] cheese - null
[2023-06-01T16:24:55.984] [DEBUG] cheese - login => username:register,password:000000
[2023-06-01T16:24:55.984] [DEBUG] cheese - register
[2023-06-01T16:24:55.987] [DEBUG] cheese - null
[2023-06-01T16:24:55.987] [DEBUG] cheese - null
[2023-06-01T16:27:28.143] [DEBUG] cheese - login => username:register,password:000000
[2023-06-01T16:27:28.143] [DEBUG] cheese - register
[2023-06-01T16:27:28.145] [DEBUG] cheese - null
[2023-06-01T16:27:28.145] [DEBUG] cheese - null
[2023-06-01T16:27:36.352] [DEBUG] cheese - login => username:register,password:000000
[2023-06-01T16:27:36.352] [DEBUG] cheese - register
[2023-06-01T16:27:36.354] [DEBUG] cheese - null
[2023-06-01T16:27:36.355] [DEBUG] cheese - null
[2023-06-01T16:28:09.978] [DEBUG] cheese - login => username:register,password:000000
[2023-06-01T16:28:09.978] [DEBUG] cheese - register
[2023-06-01T16:28:09.981] [DEBUG] cheese - null
[2023-06-01T16:28:09.981] [DEBUG] cheese - null
[2023-06-01T16:28:27.614] [DEBUG] cheese - login => username:register,password:000000
[2023-06-01T16:28:27.615] [DEBUG] cheese - register
[2023-06-01T16:28:27.617] [DEBUG] cheese - null
[2023-06-01T16:28:27.617] [DEBUG] cheese - null
[2023-06-01T16:28:59.674] [DEBUG] cheese - login => username:register,password:000000
[2023-06-01T16:28:59.674] [DEBUG] cheese - register
[2023-06-01T16:28:59.676] [DEBUG] cheese - null
[2023-06-01T16:28:59.676] [DEBUG] cheese - null
[2023-06-01T16:29:02.851] [DEBUG] cheese - login => username:register,password:000000
[2023-06-01T16:29:02.851] [DEBUG] cheese - register
[2023-06-01T16:29:02.854] [DEBUG] cheese - null
[2023-06-01T16:29:02.854] [DEBUG] cheese - null
[2023-06-01T16:30:01.078] [DEBUG] cheese - login => username:register,password:000000
[2023-06-01T16:30:01.078] [DEBUG] cheese - register
[2023-06-01T16:30:01.081] [DEBUG] cheese - null
[2023-06-01T16:30:01.081] [DEBUG] cheese - null
[2023-06-01T16:30:04.501] [DEBUG] cheese - login => username:register,password:000000
[2023-06-01T16:30:04.501] [DEBUG] cheese - register
[2023-06-01T16:30:04.504] [DEBUG] cheese - null
[2023-06-01T16:30:04.504] [DEBUG] cheese - null
[2023-06-01T16:31:09.721] [DEBUG] cheese - login => username:register,password:000000
[2023-06-01T16:31:09.721] [DEBUG] cheese - register
[2023-06-01T16:31:09.724] [DEBUG] cheese - null
[2023-06-01T16:31:09.724] [DEBUG] cheese - null
[2023-06-01T16:31:12.979] [DEBUG] cheese - login => username:register,password:000000
[2023-06-01T16:31:12.980] [DEBUG] cheese - register
[2023-06-01T16:31:12.982] [DEBUG] cheese - null
[2023-06-01T16:31:12.982] [DEBUG] cheese - null
[2023-06-01T16:31:13.412] [DEBUG] cheese - login => username:register,password:000000
[2023-06-01T16:31:13.412] [DEBUG] cheese - register
[2023-06-01T16:31:13.415] [DEBUG] cheese - null
[2023-06-01T16:31:13.415] [DEBUG] cheese - null
[2023-06-01T16:31:13.607] [DEBUG] cheese - login => username:register,password:000000
[2023-06-01T16:31:13.607] [DEBUG] cheese - register
[2023-06-01T16:31:13.609] [DEBUG] cheese - null
[2023-06-01T16:31:13.609] [DEBUG] cheese - null
[2023-06-01T16:31:46.672] [DEBUG] cheese - login => username:register,password:000000
[2023-06-01T16:31:46.672] [DEBUG] cheese - register
[2023-06-01T16:31:46.674] [DEBUG] cheese - null
[2023-06-01T16:31:46.674] [DEBUG] cheese - null
[2023-06-01T16:32:50.838] [DEBUG] cheese - login => username:register,password:000000
[2023-06-01T16:32:50.838] [DEBUG] cheese - register
[2023-06-01T16:32:50.840] [DEBUG] cheese - null
[2023-06-01T16:32:50.840] [DEBUG] cheese - null
[2023-06-01T16:33:58.866] [DEBUG] cheese - login => username:register,password:000000
[2023-06-01T16:33:58.866] [DEBUG] cheese - register
[2023-06-01T16:33:58.868] [DEBUG] cheese - null
[2023-06-01T16:33:58.868] [DEBUG] cheese - null
[2023-06-01T16:34:00.536] [DEBUG] cheese - login => username:register,password:000000
[2023-06-01T16:34:00.536] [DEBUG] cheese - register
[2023-06-01T16:34:00.542] [DEBUG] cheese - null
[2023-06-01T16:34:00.543] [DEBUG] cheese - null
[2023-06-01T16:34:00.608] [DEBUG] cheese - null
[2023-06-01T16:34:00.610] [DEBUG] cheese - null
[2023-06-01T16:34:33.053] [DEBUG] cheese - login => username:register,password:000000
[2023-06-01T16:34:33.053] [DEBUG] cheese - register
[2023-06-01T16:34:33.056] [DEBUG] cheese - null
[2023-06-01T16:34:33.056] [DEBUG] cheese - null
[2023-06-01T16:34:33.118] [DEBUG] cheese - null
[2023-06-01T16:34:33.120] [DEBUG] cheese - null
[2023-06-01T16:35:48.528] [DEBUG] cheese - login => username:register,password:000000
[2023-06-01T16:35:48.528] [DEBUG] cheese - register
[2023-06-01T16:35:48.531] [DEBUG] cheese - null
[2023-06-01T16:35:48.531] [DEBUG] cheese - null
[2023-06-01T16:35:48.593] [DEBUG] cheese - null
[2023-06-01T16:35:48.596] [DEBUG] cheese - null
[2023-06-01T16:35:55.886] [DEBUG] cheese - login => username:peipeiLi,password:020407
[2023-06-01T16:35:55.886] [DEBUG] cheese - peipeiLi
[2023-06-01T16:35:55.887] [DEBUG] cheese - null
[2023-06-01T16:35:55.887] [DEBUG] cheese - null
[2023-06-01T16:39:07.197] [DEBUG] cheese - login => username:Admin,password:123456
[2023-06-01T16:39:07.197] [DEBUG] cheese - Admin
[2023-06-01T16:39:07.199] [DEBUG] cheese - null
[2023-06-01T16:39:07.199] [DEBUG] cheese - null
[2023-06-01T16:39:15.113] [DEBUG] cheese - login => username:Admin,password:123456
[2023-06-01T16:39:15.113] [DEBUG] cheese - Admin
[2023-06-01T16:39:15.115] [DEBUG] cheese - null
[2023-06-01T16:39:15.115] [DEBUG] cheese - null
[2023-06-01T17:05:16.019] [DEBUG] cheese - login => username:admin,password:123456
[2023-06-01T17:05:16.019] [DEBUG] cheese - admin
[2023-06-01T17:05:16.020] [DEBUG] cheese - null
[2023-06-01T17:05:16.020] [DEBUG] cheese - null
[2023-06-01T17:05:27.019] [DEBUG] cheese - login => username:Admin,password:123456
[2023-06-01T17:05:27.020] [DEBUG] cheese - Admin
[2023-06-01T17:05:27.021] [DEBUG] cheese - null
[2023-06-01T17:05:27.021] [DEBUG] cheese - null
[2023-06-01T17:05:35.935] [DEBUG] cheese - login => username:Admin,password:123456
[2023-06-01T17:05:35.935] [DEBUG] cheese - Admin
[2023-06-01T17:05:35.936] [DEBUG] cheese - null
[2023-06-01T17:05:35.936] [DEBUG] cheese - null
[2023-06-01T17:06:39.995] [DEBUG] cheese - login => username:admin,password:123456
[2023-06-01T17:06:39.995] [DEBUG] cheese - admin
[2023-06-01T17:06:39.996] [DEBUG] cheese - null
[2023-06-01T17:06:39.997] [DEBUG] cheese - null
[2023-06-01T19:58:19.069] [DEBUG] cheese - login => username:Admin,password:123456
[2023-06-01T19:58:19.070] [DEBUG] cheese - Admin
[2023-06-01T19:58:19.080] [DEBUG] cheese - null
[2023-06-01T19:58:19.080] [DEBUG] cheese - null
[2023-06-01T19:58:39.726] [DEBUG] cheese - login => username:Admin,password:123456
[2023-06-01T19:58:39.726] [DEBUG] cheese - Admin
[2023-06-01T19:58:39.729] [DEBUG] cheese - null
[2023-06-01T19:58:39.729] [DEBUG] cheese - null
[2023-06-02T14:23:11.227] [DEBUG] cheese - login => username:Admin,password:123456
[2023-06-02T14:23:11.228] [DEBUG] cheese - Admin
[2023-06-02T14:23:11.307] [DEBUG] cheese - null
[2023-06-02T14:23:11.307] [DEBUG] cheese - null
[2023-06-02T14:24:57.259] [DEBUG] cheese - login => username:Admin,password:123456
[2023-06-02T14:24:57.259] [DEBUG] cheese - Admin
[2023-06-02T14:24:57.265] [DEBUG] cheese - null
[2023-06-02T14:24:57.265] [DEBUG] cheese - null
[2023-06-02T14:34:29.499] [DEBUG] cheese - login => username:Admin,password:123456
[2023-06-02T14:34:29.500] [DEBUG] cheese - Admin
[2023-06-02T14:34:29.503] [DEBUG] cheese - null
[2023-06-02T14:34:29.504] [DEBUG] cheese - null
[2023-06-02T14:34:31.900] [DEBUG] cheese - login => username:Admin,password:123456
[2023-06-02T14:34:31.900] [DEBUG] cheese - Admin
[2023-06-02T14:34:31.903] [DEBUG] cheese - null
[2023-06-02T14:34:31.903] [DEBUG] cheese - null
[2023-06-02T14:38:36.993] [DEBUG] cheese - login => username:Admin,password:123456
[2023-06-02T14:38:36.993] [DEBUG] cheese - Admin
[2023-06-02T14:38:36.997] [DEBUG] cheese - null
[2023-06-02T14:38:36.998] [DEBUG] cheese - null
[2023-06-02T14:38:46.842] [DEBUG] cheese - login => username:Admin,password:123456
[2023-06-02T14:38:46.842] [DEBUG] cheese - Admin
[2023-06-02T14:38:46.845] [DEBUG] cheese - null
[2023-06-02T14:38:46.846] [DEBUG] cheese - null
[2023-06-02T14:44:02.050] [DEBUG] cheese - login => username:Admin,password:123456
[2023-06-02T14:44:02.050] [DEBUG] cheese - Admin
[2023-06-02T14:44:02.054] [DEBUG] cheese - null
[2023-06-02T14:44:02.054] [DEBUG] cheese - null
[2023-06-02T14:44:56.035] [DEBUG] cheese - login => username:Admin,password:123456
[2023-06-02T14:44:56.035] [DEBUG] cheese - Admin
[2023-06-02T14:44:56.038] [DEBUG] cheese - null
[2023-06-02T14:44:56.038] [DEBUG] cheese - null
[2023-06-02T14:48:01.453] [DEBUG] cheese - login => username:Admin,password:123456
[2023-06-02T14:48:01.454] [DEBUG] cheese - Admin
[2023-06-02T14:48:01.458] [DEBUG] cheese - null
[2023-06-02T14:48:01.459] [DEBUG] cheese - null
[2023-06-02T14:49:37.471] [DEBUG] cheese - login => username:Admin,password:123456
[2023-06-02T14:49:37.471] [DEBUG] cheese - Admin
[2023-06-02T14:49:37.475] [DEBUG] cheese - null
[2023-06-02T14:49:37.475] [DEBUG] cheese - null
[2023-06-02T14:49:50.614] [DEBUG] cheese - login => username:Admin,password:123456
[2023-06-02T14:49:50.614] [DEBUG] cheese - Admin
[2023-06-02T14:49:50.618] [DEBUG] cheese - null
[2023-06-02T14:49:50.619] [DEBUG] cheese - null
[2023-06-02T14:49:55.723] [DEBUG] cheese - login => username:Admin,password:123456
[2023-06-02T14:49:55.723] [DEBUG] cheese - Admin
[2023-06-02T14:49:55.726] [DEBUG] cheese - null
[2023-06-02T14:49:55.726] [DEBUG] cheese - null
[2023-06-02T14:49:58.578] [DEBUG] cheese - login => username:Admin,password:123456
[2023-06-02T14:49:58.579] [DEBUG] cheese - Admin
[2023-06-02T14:49:58.581] [DEBUG] cheese - null
[2023-06-02T14:49:58.582] [DEBUG] cheese - null
[2023-06-02T14:50:09.526] [DEBUG] cheese - login => username:Admin,password:123456
[2023-06-02T14:50:09.526] [DEBUG] cheese - Admin
[2023-06-02T14:50:09.529] [DEBUG] cheese - null
[2023-06-02T14:50:09.530] [DEBUG] cheese - null
[2023-06-02T14:50:30.022] [DEBUG] cheese - login => username:Admin,password:123456
[2023-06-02T14:50:30.022] [DEBUG] cheese - Admin
[2023-06-02T14:50:30.025] [DEBUG] cheese - null
[2023-06-02T14:50:30.025] [DEBUG] cheese - null
[2023-06-02T15:03:58.830] [DEBUG] cheese - login => username:Admin,password:123456
[2023-06-02T15:03:58.830] [DEBUG] cheese - Admin
[2023-06-02T15:03:58.834] [DEBUG] cheese - null
[2023-06-02T15:03:58.834] [DEBUG] cheese - null
[2023-06-02T15:05:36.465] [DEBUG] cheese - login => username:Admin,password:123456
[2023-06-02T15:05:36.465] [DEBUG] cheese - Admin
[2023-06-02T15:05:36.468] [DEBUG] cheese - null
[2023-06-02T15:05:36.469] [DEBUG] cheese - null
[2023-06-02T15:06:48.509] [DEBUG] cheese - login => username:Admin,password:123456
[2023-06-02T15:06:48.509] [DEBUG] cheese - Admin
[2023-06-02T15:06:48.512] [DEBUG] cheese - null
[2023-06-02T15:06:48.512] [DEBUG] cheese - null
[2023-06-02T15:08:20.604] [DEBUG] cheese - login => username:register,password:000000
[2023-06-02T15:08:20.605] [DEBUG] cheese - register
[2023-06-02T15:08:20.721] [DEBUG] cheese - null
[2023-06-02T15:08:20.721] [DEBUG] cheese - null
[2023-06-02T15:08:26.559] [DEBUG] cheese - login => username:Admin,password:123456
[2023-06-02T15:08:26.559] [DEBUG] cheese - Admin
[2023-06-02T15:08:26.563] [DEBUG] cheese - null
[2023-06-02T15:08:26.563] [DEBUG] cheese - null
[2023-06-02T15:11:48.614] [DEBUG] cheese - login => username:Admin,password:123456
[2023-06-02T15:11:48.614] [DEBUG] cheese - Admin
[2023-06-02T15:11:48.617] [DEBUG] cheese - null
[2023-06-02T15:11:48.617] [DEBUG] cheese - null
[2023-06-02T15:20:49.858] [DEBUG] cheese - login => username:Admin,password:123456
[2023-06-02T15:20:49.858] [DEBUG] cheese - Admin
[2023-06-02T15:20:49.860] [DEBUG] cheese - null
[2023-06-02T15:20:49.860] [DEBUG] cheese - null
[2023-06-02T15:20:58.136] [DEBUG] cheese - login => username:Admin,password:123456
[2023-06-02T15:20:58.136] [DEBUG] cheese - Admin
[2023-06-02T15:20:58.139] [DEBUG] cheese - null
[2023-06-02T15:20:58.139] [DEBUG] cheese - null
[2023-06-02T15:21:44.025] [DEBUG] cheese - login => username:Admin,password:123456
[2023-06-02T15:21:44.026] [DEBUG] cheese - Admin
[2023-06-02T15:21:44.028] [DEBUG] cheese - null
[2023-06-02T15:21:44.029] [DEBUG] cheese - null
[2023-06-02T18:26:30.649] [DEBUG] cheese - login => username:Admin,password:123456
[2023-06-02T18:26:30.650] [DEBUG] cheese - Admin
[2023-06-02T18:26:30.709] [DEBUG] cheese - null
[2023-06-02T18:26:30.709] [DEBUG] cheese - null
[2023-06-02T18:34:14.990] [DEBUG] cheese - login => username:Admin,password:123456
[2023-06-02T18:34:14.990] [DEBUG] cheese - Admin
[2023-06-02T18:34:14.994] [DEBUG] cheese - null
[2023-06-02T18:34:14.994] [DEBUG] cheese - null
[2023-06-02T18:34:16.536] [DEBUG] cheese - login => username:Admin,password:123456
[2023-06-02T18:34:16.536] [DEBUG] cheese - Admin
[2023-06-02T18:34:16.539] [DEBUG] cheese - null
[2023-06-02T18:34:16.539] [DEBUG] cheese - null
[2023-06-02T18:34:43.655] [DEBUG] cheese - login => username:Admin,password:123456
[2023-06-02T18:34:43.655] [DEBUG] cheese - Admin
[2023-06-02T18:34:43.657] [DEBUG] cheese - null
[2023-06-02T18:34:43.657] [DEBUG] cheese - null
[2023-06-02T18:34:44.534] [DEBUG] cheese - login => username:Admin,password:123456
[2023-06-02T18:34:44.535] [DEBUG] cheese - Admin
[2023-06-02T18:34:44.537] [DEBUG] cheese - null
[2023-06-02T18:34:44.537] [DEBUG] cheese - null
[2023-06-02T18:36:09.458] [DEBUG] cheese - login => username:Admin,password:123456
[2023-06-02T18:36:09.458] [DEBUG] cheese - Admin
[2023-06-02T18:36:09.460] [DEBUG] cheese - null
[2023-06-02T18:36:09.460] [DEBUG] cheese - null
[2023-06-02T18:40:43.040] [DEBUG] cheese - login => username:Admin,password:123456
[2023-06-02T18:40:43.040] [DEBUG] cheese - Admin
[2023-06-02T18:40:43.042] [DEBUG] cheese - null
[2023-06-02T18:40:43.042] [DEBUG] cheese - null
[2023-06-02T19:19:13.042] [DEBUG] cheese - login => username:Admin,password:123456
[2023-06-02T19:19:13.043] [DEBUG] cheese - Admin
[2023-06-02T19:19:13.045] [DEBUG] cheese - null
[2023-06-02T19:19:13.045] [DEBUG] cheese - null
[2023-06-02T19:42:10.060] [DEBUG] cheese - null
[2023-06-02T19:43:21.809] [DEBUG] cheese - null
[2023-06-02T19:43:55.757] [DEBUG] cheese - login => username:Admin,password:123456
[2023-06-02T19:43:55.757] [DEBUG] cheese - Admin
[2023-06-02T19:43:55.759] [DEBUG] cheese - null
[2023-06-02T19:43:55.760] [DEBUG] cheese - null
[2023-06-02T19:44:29.319] [DEBUG] cheese - login => username:Admin,password:123456
[2023-06-02T19:44:29.319] [DEBUG] cheese - Admin
[2023-06-02T19:44:29.321] [DEBUG] cheese - null
[2023-06-02T19:44:29.321] [DEBUG] cheese - null
[2023-06-02T19:46:54.340] [DEBUG] cheese - null
[2023-06-02T19:47:13.301] [DEBUG] cheese - null
[2023-06-02T19:48:58.858] [DEBUG] cheese - null
[2023-06-02T19:49:10.489] [DEBUG] cheese - null
[2023-06-02T19:55:27.954] [DEBUG] cheese - null
[2023-06-02T19:58:46.066] [DEBUG] cheese - login => username:Admin,password:123456
[2023-06-02T19:58:46.066] [DEBUG] cheese - Admin
[2023-06-02T19:58:46.067] [DEBUG] cheese - null
[2023-06-02T19:58:46.068] [DEBUG] cheese - null
[2023-06-02T20:05:47.200] [DEBUG] cheese - login => username:Admin,password:123456
[2023-06-02T20:05:47.200] [DEBUG] cheese - Admin
[2023-06-02T20:05:47.201] [DEBUG] cheese - null
[2023-06-02T20:05:47.201] [DEBUG] cheese - null
[2023-06-02T20:05:54.155] [DEBUG] cheese - login => username:Admin,password:123456
[2023-06-02T20:05:54.155] [DEBUG] cheese - Admin
[2023-06-02T20:05:54.156] [DEBUG] cheese - null
[2023-06-02T20:05:54.157] [DEBUG] cheese - null
[2023-06-02T20:22:12.731] [DEBUG] cheese - login => username:Admin,password:123456
[2023-06-02T20:22:12.731] [DEBUG] cheese - Admin
[2023-06-02T20:22:12.734] [DEBUG] cheese - null
[2023-06-02T20:22:12.734] [DEBUG] cheese - null
[2023-06-02T20:22:17.351] [DEBUG] cheese - login => username:Admin,password:123456
[2023-06-02T20:22:17.351] [DEBUG] cheese - Admin
[2023-06-02T20:22:17.352] [DEBUG] cheese - null
[2023-06-02T20:22:17.352] [DEBUG] cheese - null
[2023-06-02T20:24:02.477] [DEBUG] cheese - login => username:Admin,password:123456
[2023-06-02T20:24:02.477] [DEBUG] cheese - Admin
[2023-06-02T20:24:02.478] [DEBUG] cheese - null
[2023-06-02T20:24:02.478] [DEBUG] cheese - null
[2023-06-02T20:45:38.952] [DEBUG] cheese - login => username:Admin,password:123456
[2023-06-02T20:45:38.952] [DEBUG] cheese - Admin
[2023-06-02T20:45:38.954] [DEBUG] cheese - null
[2023-06-02T20:45:38.954] [DEBUG] cheese - null
[2023-06-02T20:46:46.599] [DEBUG] cheese - login => username:admin,password:1233456
[2023-06-02T20:46:46.599] [DEBUG] cheese - admin
[2023-06-02T20:46:46.601] [DEBUG] cheese - null
[2023-06-02T20:46:46.601] [DEBUG] cheese - null
[2023-06-02T20:46:50.424] [DEBUG] cheese - login => username:admin,password:123456
[2023-06-02T20:46:50.424] [DEBUG] cheese - admin
[2023-06-02T20:46:50.425] [DEBUG] cheese - null
[2023-06-02T20:46:50.425] [DEBUG] cheese - null
[2023-06-02T20:47:42.434] [DEBUG] cheese - login => username:Admin,password:123456
[2023-06-02T20:47:42.434] [DEBUG] cheese - Admin
[2023-06-02T20:47:42.436] [DEBUG] cheese - null
[2023-06-02T20:47:42.436] [DEBUG] cheese - null
[2023-06-02T20:56:08.758] [DEBUG] cheese - login => username:Admin,password:123456
[2023-06-02T20:56:08.758] [DEBUG] cheese - Admin
[2023-06-02T20:56:08.759] [DEBUG] cheese - null
[2023-06-02T20:56:08.759] [DEBUG] cheese - null
[2023-06-02T20:57:25.586] [DEBUG] cheese - login => username:register,password:000000
[2023-06-02T20:57:25.586] [DEBUG] cheese - register
[2023-06-02T20:57:25.590] [DEBUG] cheese - null
[2023-06-02T20:57:25.590] [DEBUG] cheese - null
[2023-06-02T20:57:42.446] [DEBUG] cheese - login => username:admin,password:123456
[2023-06-02T20:57:42.447] [DEBUG] cheese - admin
[2023-06-02T20:57:42.449] [DEBUG] cheese - null
[2023-06-02T20:57:42.449] [DEBUG] cheese - null
[2023-06-02T20:57:56.786] [DEBUG] cheese - login => username:Admin,password:123456
[2023-06-02T20:57:56.786] [DEBUG] cheese - Admin
[2023-06-02T20:57:56.788] [DEBUG] cheese - null
[2023-06-02T20:57:56.788] [DEBUG] cheese - null
[2023-06-02T21:00:45.409] [DEBUG] cheese - null
[2023-06-02T21:01:06.613] [DEBUG] cheese - login => username:Admin,password:123456
[2023-06-02T21:01:06.613] [DEBUG] cheese - Admin
[2023-06-02T21:01:06.614] [DEBUG] cheese - null
[2023-06-02T21:01:06.614] [DEBUG] cheese - null
[2023-06-02T21:05:20.447] [DEBUG] cheese - login => username:Admin,password:123456
[2023-06-02T21:05:20.447] [DEBUG] cheese - Admin
[2023-06-02T21:05:20.448] [DEBUG] cheese - null
[2023-06-02T21:05:20.448] [DEBUG] cheese - null
[2023-06-02T21:10:37.675] [DEBUG] cheese - login => username:Admin,password:123456
[2023-06-02T21:10:37.675] [DEBUG] cheese - Admin
[2023-06-02T21:10:37.676] [DEBUG] cheese - null
[2023-06-02T21:10:37.677] [DEBUG] cheese - null
[2023-06-02T21:29:48.621] [DEBUG] cheese - login => username:Admin,password:123456
[2023-06-02T21:29:48.622] [DEBUG] cheese - Admin
[2023-06-02T21:29:48.623] [DEBUG] cheese - null
[2023-06-02T21:29:48.623] [DEBUG] cheese - null
[2023-06-04T14:32:30.993] [DEBUG] cheese - login => username:Admin,password:123456
[2023-06-04T14:32:30.994] [DEBUG] cheese - Admin
[2023-06-04T14:32:31.048] [DEBUG] cheese - null
[2023-06-04T14:32:31.048] [DEBUG] cheese - null
[2023-06-04T14:33:45.713] [DEBUG] cheese - login => username:admin,password:123456
[2023-06-04T14:33:45.713] [DEBUG] cheese - admin
[2023-06-04T14:33:45.715] [DEBUG] cheese - null
[2023-06-04T14:33:45.715] [DEBUG] cheese - null
[2023-06-04T14:59:37.898] [DEBUG] cheese - login => username:Admin,password:123456
[2023-06-04T14:59:37.898] [DEBUG] cheese - Admin
[2023-06-04T14:59:37.900] [DEBUG] cheese - null
[2023-06-04T14:59:37.900] [DEBUG] cheese - null
[2023-06-04T15:10:53.800] [DEBUG] cheese - login => username:Admin,password:123456
[2023-06-04T15:10:53.800] [DEBUG] cheese - Admin
[2023-06-04T15:10:53.801] [DEBUG] cheese - null
[2023-06-04T15:10:53.802] [DEBUG] cheese - null
[2023-06-04T15:25:18.026] [DEBUG] cheese - login => username:Admin,password:123456
[2023-06-04T15:25:18.026] [DEBUG] cheese - Admin
[2023-06-04T15:25:18.027] [DEBUG] cheese - null
[2023-06-04T15:25:18.028] [DEBUG] cheese - null
[2023-06-04T15:25:24.024] [DEBUG] cheese - login => username:Admin,password:123456
[2023-06-04T15:25:24.025] [DEBUG] cheese - Admin
[2023-06-04T15:25:24.027] [DEBUG] cheese - null
[2023-06-04T15:25:24.027] [DEBUG] cheese - null
[2023-06-04T15:29:21.132] [DEBUG] cheese - login => username:Admin,password:123456
[2023-06-04T15:29:21.133] [DEBUG] cheese - Admin
[2023-06-04T15:29:21.134] [DEBUG] cheese - null
[2023-06-04T15:29:21.134] [DEBUG] cheese - null
[2023-06-04T15:29:59.129] [DEBUG] cheese - login => username:Admin,password:123456
[2023-06-04T15:29:59.129] [DEBUG] cheese - Admin
[2023-06-04T15:29:59.131] [DEBUG] cheese - null
[2023-06-04T15:29:59.131] [DEBUG] cheese - null
[2023-06-04T16:12:14.863] [DEBUG] cheese - login => username:Admin,password:123456
[2023-06-04T16:12:14.863] [DEBUG] cheese - Admin
[2023-06-04T16:12:14.864] [DEBUG] cheese - null
[2023-06-04T16:12:14.865] [DEBUG] cheese - null
[2023-06-04T16:17:04.619] [DEBUG] cheese - login => username:Admin,password:123456
[2023-06-04T16:17:04.619] [DEBUG] cheese - Admin
[2023-06-04T16:17:04.620] [DEBUG] cheese - null
[2023-06-04T16:17:04.620] [DEBUG] cheese - null
[2023-06-04T16:17:42.455] [DEBUG] cheese - login => username:Admin,password:123456
[2023-06-04T16:17:42.455] [DEBUG] cheese - Admin
[2023-06-04T16:17:42.456] [DEBUG] cheese - null
[2023-06-04T16:17:42.456] [DEBUG] cheese - null
[2023-06-04T16:18:25.335] [DEBUG] cheese - login => username:Admin,password:123456
[2023-06-04T16:18:25.335] [DEBUG] cheese - Admin
[2023-06-04T16:18:25.336] [DEBUG] cheese - null
[2023-06-04T16:18:25.336] [DEBUG] cheese - null
[2023-06-04T16:42:42.922] [DEBUG] cheese - login => username:Admin,password:123456
[2023-06-04T16:42:42.922] [DEBUG] cheese - Admin
[2023-06-04T16:42:42.925] [DEBUG] cheese - null
[2023-06-04T16:42:42.925] [DEBUG] cheese - null
[2023-06-04T16:46:03.866] [DEBUG] cheese - login => username:Admin,password:123456
[2023-06-04T16:46:03.866] [DEBUG] cheese - Admin
[2023-06-04T16:46:03.868] [DEBUG] cheese - null
[2023-06-04T16:46:03.868] [DEBUG] cheese - null
[2023-06-04T17:09:46.738] [DEBUG] cheese - login => username:Admin,password:123456
[2023-06-04T17:09:46.738] [DEBUG] cheese - Admin
[2023-06-04T17:09:46.739] [DEBUG] cheese - null
[2023-06-04T17:09:46.739] [DEBUG] cheese - null
[2023-06-04T17:16:22.750] [DEBUG] cheese - login => username:admin,password:123456
[2023-06-04T17:16:22.750] [DEBUG] cheese - admin
[2023-06-04T17:16:22.752] [DEBUG] cheese - null
[2023-06-04T17:16:22.752] [DEBUG] cheese - null
[2023-06-04T17:34:03.635] [DEBUG] cheese - login => username:Admin,password:123456
[2023-06-04T17:34:03.635] [DEBUG] cheese - Admin
[2023-06-04T17:34:03.636] [DEBUG] cheese - null
[2023-06-04T17:34:03.636] [DEBUG] cheese - null
[2023-06-04T17:43:12.296] [DEBUG] cheese - login => username:Admin,password:123456
[2023-06-04T17:43:12.296] [DEBUG] cheese - Admin
[2023-06-04T17:43:12.298] [DEBUG] cheese - null
[2023-06-04T17:43:12.298] [DEBUG] cheese - null
[2023-06-04T17:43:18.786] [DEBUG] cheese - login => username:Admin,password:123456
[2023-06-04T17:43:18.787] [DEBUG] cheese - Admin
[2023-06-04T17:43:18.788] [DEBUG] cheese - null
[2023-06-04T17:43:18.788] [DEBUG] cheese - null
[2023-06-04T18:08:51.912] [DEBUG] cheese - login => username:Admin,password:123456
[2023-06-04T18:08:51.912] [DEBUG] cheese - Admin
[2023-06-04T18:08:51.914] [DEBUG] cheese - null
[2023-06-04T18:08:51.914] [DEBUG] cheese - null
[2023-06-04T18:09:59.021] [DEBUG] cheese - login => username:Admin,password:123456
[2023-06-04T18:09:59.021] [DEBUG] cheese - Admin
[2023-06-04T18:09:59.023] [DEBUG] cheese - null
[2023-06-04T18:09:59.023] [DEBUG] cheese - null
[2023-06-04T18:45:59.036] [DEBUG] cheese - login => username:Admin,password:123456
[2023-06-04T18:45:59.036] [DEBUG] cheese - Admin
[2023-06-04T18:45:59.038] [DEBUG] cheese - null
[2023-06-04T18:45:59.038] [DEBUG] cheese - null
[2023-06-04T18:50:45.311] [DEBUG] cheese - login => username:Admin,password:123456
[2023-06-04T18:50:45.311] [DEBUG] cheese - Admin
[2023-06-04T18:50:45.312] [DEBUG] cheese - null
[2023-06-04T18:50:45.313] [DEBUG] cheese - null
[2023-06-04T20:43:34.961] [DEBUG] cheese - login => username:Admin,password:123456
[2023-06-04T20:43:34.961] [DEBUG] cheese - Admin
[2023-06-04T20:43:34.963] [DEBUG] cheese - null
[2023-06-04T20:43:34.964] [DEBUG] cheese - null
[2023-06-04T20:43:52.683] [DEBUG] cheese - login => username:Admin,password:123456
[2023-06-04T20:43:52.683] [DEBUG] cheese - Admin
[2023-06-04T20:43:52.685] [DEBUG] cheese - null
[2023-06-04T20:43:52.685] [DEBUG] cheese - null
[2023-06-04T20:56:01.415] [DEBUG] cheese - login => username:admin,password:123456
[2023-06-04T20:56:01.415] [DEBUG] cheese - admin
[2023-06-04T20:56:01.417] [DEBUG] cheese - null
[2023-06-04T20:56:01.417] [DEBUG] cheese - null
[2023-06-04T20:57:03.787] [DEBUG] cheese - login => username:Admin,password:123456
[2023-06-04T20:57:03.787] [DEBUG] cheese - Admin
[2023-06-04T20:57:03.789] [DEBUG] cheese - null
[2023-06-04T20:57:03.789] [DEBUG] cheese - null
[2023-06-04T21:01:38.856] [DEBUG] cheese - login => username:Admin,password:123456
[2023-06-04T21:01:38.856] [DEBUG] cheese - Admin
[2023-06-04T21:01:38.858] [DEBUG] cheese - null
[2023-06-04T21:01:38.859] [DEBUG] cheese - null
[2023-06-04T21:06:03.044] [DEBUG] cheese - null
[2023-06-04T21:07:36.683] [DEBUG] cheese - login => username:Admin,password:123456
[2023-06-04T21:07:36.683] [DEBUG] cheese - Admin
[2023-06-04T21:07:36.685] [DEBUG] cheese - null
[2023-06-04T21:07:36.685] [DEBUG] cheese - null
[2023-06-04T21:30:19.628] [DEBUG] cheese - login => username:Admin,password:123456
[2023-06-04T21:30:19.628] [DEBUG] cheese - Admin
[2023-06-04T21:30:19.630] [DEBUG] cheese - null
[2023-06-04T21:30:19.630] [DEBUG] cheese - null
[2023-06-04T21:37:27.174] [DEBUG] cheese - login => username:admin,password:123456
[2023-06-04T21:37:27.174] [DEBUG] cheese - admin
[2023-06-04T21:37:27.175] [DEBUG] cheese - null
[2023-06-04T21:37:27.175] [DEBUG] cheese - null
[2023-06-04T21:37:34.961] [DEBUG] cheese - login => username:Admin,password:123456
[2023-06-04T21:37:34.961] [DEBUG] cheese - Admin
[2023-06-04T21:37:34.963] [DEBUG] cheese - null
[2023-06-04T21:37:34.963] [DEBUG] cheese - null
[2023-06-04T21:38:54.791] [DEBUG] cheese - login => username:Admin,password:123456
[2023-06-04T21:38:54.791] [DEBUG] cheese - Admin
[2023-06-04T21:38:54.792] [DEBUG] cheese - null
[2023-06-04T21:38:54.792] [DEBUG] cheese - null
[2023-06-04T21:39:55.058] [DEBUG] cheese - login => username:Admin,password:123456
[2023-06-04T21:39:55.058] [DEBUG] cheese - Admin
[2023-06-04T21:39:55.060] [DEBUG] cheese - null
[2023-06-04T21:39:55.060] [DEBUG] cheese - null
[2023-06-04T21:40:50.555] [DEBUG] cheese - login => username:Admin,password:123456
[2023-06-04T21:40:50.555] [DEBUG] cheese - Admin
[2023-06-04T21:40:50.556] [DEBUG] cheese - null
[2023-06-04T21:40:50.556] [DEBUG] cheese - null
[2023-06-04T21:41:39.764] [DEBUG] cheese - login => username:Admin,password:123456
[2023-06-04T21:41:39.764] [DEBUG] cheese - Admin
[2023-06-04T21:41:39.766] [DEBUG] cheese - null
[2023-06-04T21:41:39.766] [DEBUG] cheese - null
[2023-06-04T21:47:40.441] [DEBUG] cheese - login => username:admin,password:123456
[2023-06-04T21:47:40.441] [DEBUG] cheese - admin
[2023-06-04T21:47:40.443] [DEBUG] cheese - null
[2023-06-04T21:47:40.443] [DEBUG] cheese - null
[2023-06-04T22:25:18.264] [DEBUG] cheese - login => username:Admin,password:123456
[2023-06-04T22:25:18.265] [DEBUG] cheese - Admin
[2023-06-04T22:25:18.320] [DEBUG] cheese - null
[2023-06-04T22:25:18.320] [DEBUG] cheese - null
[2023-06-04T22:43:06.633] [DEBUG] cheese - login => username:admin,password:123456
[2023-06-04T22:43:06.635] [DEBUG] cheese - admin
[2023-06-04T22:43:06.640] [DEBUG] cheese - null
[2023-06-04T22:43:06.641] [DEBUG] cheese - null
[2023-06-04T22:59:53.916] [DEBUG] cheese - login => username:Admin,password:123456
[2023-06-04T22:59:53.916] [DEBUG] cheese - Admin
[2023-06-04T22:59:53.918] [DEBUG] cheese - null
[2023-06-04T22:59:53.918] [DEBUG] cheese - null
[2023-06-04T23:16:08.055] [DEBUG] cheese - null
[2023-06-04T23:22:17.270] [DEBUG] cheese - null
[2023-06-04T23:22:43.215] [DEBUG] cheese - null
[2023-06-04T23:34:37.619] [DEBUG] cheese - login => username:Admin,password:123456
[2023-06-04T23:34:37.619] [DEBUG] cheese - Admin
[2023-06-04T23:34:37.622] [DEBUG] cheese - null
[2023-06-04T23:34:37.622] [DEBUG] cheese - null
[2023-06-04T23:37:52.353] [DEBUG] cheese - null
[2023-06-04T23:43:57.402] [DEBUG] cheese - login => username:Admin,password:123456
[2023-06-04T23:43:57.402] [DEBUG] cheese - Admin
[2023-06-04T23:43:57.404] [DEBUG] cheese - null
[2023-06-04T23:43:57.404] [DEBUG] cheese - null
[2023-06-04T23:44:19.557] [DEBUG] cheese - login => username:Admin,password:123456
[2023-06-04T23:44:19.557] [DEBUG] cheese - Admin
[2023-06-04T23:44:19.559] [DEBUG] cheese - null
[2023-06-04T23:44:19.559] [DEBUG] cheese - null
[2023-06-04T23:51:36.877] [DEBUG] cheese - login => username:Admin,password:123456
[2023-06-04T23:51:36.877] [DEBUG] cheese - Admin
[2023-06-04T23:51:36.880] [DEBUG] cheese - null
[2023-06-04T23:51:36.880] [DEBUG] cheese - null
[2023-06-05T00:16:18.688] [DEBUG] cheese - login => username:Admin,password:123456
[2023-06-05T00:16:18.688] [DEBUG] cheese - Admin
[2023-06-05T00:16:18.689] [DEBUG] cheese - null
[2023-06-05T00:16:18.689] [DEBUG] cheese - null
[2023-06-05T00:18:20.516] [DEBUG] cheese - login => username:Admin,password:123456
[2023-06-05T00:18:20.516] [DEBUG] cheese - Admin
[2023-06-05T00:18:20.518] [DEBUG] cheese - null
[2023-06-05T00:18:20.518] [DEBUG] cheese - null
[2023-06-05T00:26:10.211] [DEBUG] cheese - login => username:Admin,password:123456
[2023-06-05T00:26:10.211] [DEBUG] cheese - Admin
[2023-06-05T00:26:10.214] [DEBUG] cheese - null
[2023-06-05T00:26:10.214] [DEBUG] cheese - null
[2023-06-05T00:43:14.769] [DEBUG] cheese - login => username:Admin,password:123456
[2023-06-05T00:43:14.769] [DEBUG] cheese - Admin
[2023-06-05T00:43:14.772] [DEBUG] cheese - null
[2023-06-05T00:43:14.772] [DEBUG] cheese - null
[2023-06-05T00:43:27.655] [DEBUG] cheese - login => username:Admin,password:123456
[2023-06-05T00:43:27.655] [DEBUG] cheese - Admin
[2023-06-05T00:43:27.656] [DEBUG] cheese - null
[2023-06-05T00:43:27.656] [DEBUG] cheese - null
[2023-06-05T00:43:45.543] [DEBUG] cheese - login => username:admin,password:123456
[2023-06-05T00:43:45.543] [DEBUG] cheese - admin
[2023-06-05T00:43:45.544] [DEBUG] cheese - null
[2023-06-05T00:43:45.545] [DEBUG] cheese - null
[2023-06-05T00:53:37.504] [DEBUG] cheese - login => username:Admin,password:123456
[2023-06-05T00:53:37.504] [DEBUG] cheese - Admin
[2023-06-05T00:53:37.506] [DEBUG] cheese - null
[2023-06-05T00:53:37.506] [DEBUG] cheese - null
